<?xml version="1.0" encoding="UTF-8"?>
<testsuites name="Suites - Product" time="301.666" tests="16" failures="0" errors="0">
   <testsuite name="Suites - Product" tests="16" failures="0" errors="0" time="301.666" skipped="0" timestamp="2024-02-22 11:26:26" hostname="LENOVO - DESKTOP-0EH6HA0.mshome.net" id="Test Suites/Suites - Product">
      <properties>
         <property name="deviceName" value=""/>
         <property name="devicePlatform" value=""/>
         <property name="logFolder" value="F:\\SABERCODE QA\\QA Sanber\\Katalon_Saucedemo\\Reports\\20240222_112622\\Suites - Product\\20240222_112622"/>
         <property name="logFiles" value="F:\\SABERCODE QA\\QA Sanber\\Katalon_Saucedemo\\Reports\\20240222_112622\\Suites - Product\\20240222_112622\\execution0.log"/>
         <property name="attachments" value="F:\\SABERCODE QA\\QA Sanber\\Katalon_Saucedemo\\Reports\\20240222_112622\\Suites - Product\\20240222_112622\\1708575996668.png, F:\\SABERCODE QA\\QA Sanber\\Katalon_Saucedemo\\Reports\\20240222_112622\\Suites - Product\\20240222_112622\\1708576000478.png, F:\\SABERCODE QA\\QA Sanber\\Katalon_Saucedemo\\Reports\\20240222_112622\\Suites - Product\\20240222_112622\\1708576002200.png, F:\\SABERCODE QA\\QA Sanber\\Katalon_Saucedemo\\Reports\\20240222_112622\\Suites - Product\\20240222_112622\\1708576004153.png, F:\\SABERCODE QA\\QA Sanber\\Katalon_Saucedemo\\Reports\\20240222_112622\\Suites - Product\\20240222_112622\\1708576005999.png, F:\\SABERCODE QA\\QA Sanber\\Katalon_Saucedemo\\Reports\\20240222_112622\\Suites - Product\\20240222_112622\\1708576014626.png, F:\\SABERCODE QA\\QA Sanber\\Katalon_Saucedemo\\Reports\\20240222_112622\\Suites - Product\\20240222_112622\\1708576018177.png, F:\\SABERCODE QA\\QA Sanber\\Katalon_Saucedemo\\Reports\\20240222_112622\\Suites - Product\\20240222_112622\\1708576020038.png, F:\\SABERCODE QA\\QA Sanber\\Katalon_Saucedemo\\Reports\\20240222_112622\\Suites - Product\\20240222_112622\\1708576021886.png, F:\\SABERCODE QA\\QA Sanber\\Katalon_Saucedemo\\Reports\\20240222_112622\\Suites - Product\\20240222_112622\\1708576023752.png, F:\\SABERCODE QA\\QA Sanber\\Katalon_Saucedemo\\Reports\\20240222_112622\\Suites - Product\\20240222_112622\\1708576032038.png, F:\\SABERCODE QA\\QA Sanber\\Katalon_Saucedemo\\Reports\\20240222_112622\\Suites - Product\\20240222_112622\\1708576035513.png, F:\\SABERCODE QA\\QA Sanber\\Katalon_Saucedemo\\Reports\\20240222_112622\\Suites - Product\\20240222_112622\\1708576037399.png, F:\\SABERCODE QA\\QA Sanber\\Katalon_Saucedemo\\Reports\\20240222_112622\\Suites - Product\\20240222_112622\\1708576039215.png, F:\\SABERCODE QA\\QA Sanber\\Katalon_Saucedemo\\Reports\\20240222_112622\\Suites - Product\\20240222_112622\\1708576041019.png, F:\\SABERCODE QA\\QA Sanber\\Katalon_Saucedemo\\Reports\\20240222_112622\\Suites - Product\\20240222_112622\\1708576049058.png, F:\\SABERCODE QA\\QA Sanber\\Katalon_Saucedemo\\Reports\\20240222_112622\\Suites - Product\\20240222_112622\\1708576052579.png, F:\\SABERCODE QA\\QA Sanber\\Katalon_Saucedemo\\Reports\\20240222_112622\\Suites - Product\\20240222_112622\\1708576054351.png, F:\\SABERCODE QA\\QA Sanber\\Katalon_Saucedemo\\Reports\\20240222_112622\\Suites - Product\\20240222_112622\\1708576056244.png, F:\\SABERCODE QA\\QA Sanber\\Katalon_Saucedemo\\Reports\\20240222_112622\\Suites - Product\\20240222_112622\\1708576058146.png, F:\\SABERCODE QA\\QA Sanber\\Katalon_Saucedemo\\Reports\\20240222_112622\\Suites - Product\\20240222_112622\\1708576067037.png, F:\\SABERCODE QA\\QA Sanber\\Katalon_Saucedemo\\Reports\\20240222_112622\\Suites - Product\\20240222_112622\\1708576070590.png, F:\\SABERCODE QA\\QA Sanber\\Katalon_Saucedemo\\Reports\\20240222_112622\\Suites - Product\\20240222_112622\\1708576072480.png, F:\\SABERCODE QA\\QA Sanber\\Katalon_Saucedemo\\Reports\\20240222_112622\\Suites - Product\\20240222_112622\\1708576074372.png, F:\\SABERCODE QA\\QA Sanber\\Katalon_Saucedemo\\Reports\\20240222_112622\\Suites - Product\\20240222_112622\\1708576083410.png, F:\\SABERCODE QA\\QA Sanber\\Katalon_Saucedemo\\Reports\\20240222_112622\\Suites - Product\\20240222_112622\\1708576086791.png, F:\\SABERCODE QA\\QA Sanber\\Katalon_Saucedemo\\Reports\\20240222_112622\\Suites - Product\\20240222_112622\\1708576088590.png, F:\\SABERCODE QA\\QA Sanber\\Katalon_Saucedemo\\Reports\\20240222_112622\\Suites - Product\\20240222_112622\\1708576090532.png, F:\\SABERCODE QA\\QA Sanber\\Katalon_Saucedemo\\Reports\\20240222_112622\\Suites - Product\\20240222_112622\\1708576100008.png, F:\\SABERCODE QA\\QA Sanber\\Katalon_Saucedemo\\Reports\\20240222_112622\\Suites - Product\\20240222_112622\\1708576103428.png, F:\\SABERCODE QA\\QA Sanber\\Katalon_Saucedemo\\Reports\\20240222_112622\\Suites - Product\\20240222_112622\\1708576105210.png, F:\\SABERCODE QA\\QA Sanber\\Katalon_Saucedemo\\Reports\\20240222_112622\\Suites - Product\\20240222_112622\\1708576106946.png, F:\\SABERCODE QA\\QA Sanber\\Katalon_Saucedemo\\Reports\\20240222_112622\\Suites - Product\\20240222_112622\\1708576108615.png, F:\\SABERCODE QA\\QA Sanber\\Katalon_Saucedemo\\Reports\\20240222_112622\\Suites - Product\\20240222_112622\\1708576117030.png, F:\\SABERCODE QA\\QA Sanber\\Katalon_Saucedemo\\Reports\\20240222_112622\\Suites - Product\\20240222_112622\\1708576120491.png, F:\\SABERCODE QA\\QA Sanber\\Katalon_Saucedemo\\Reports\\20240222_112622\\Suites - Product\\20240222_112622\\1708576122333.png, F:\\SABERCODE QA\\QA Sanber\\Katalon_Saucedemo\\Reports\\20240222_112622\\Suites - Product\\20240222_112622\\1708576124154.png, F:\\SABERCODE QA\\QA Sanber\\Katalon_Saucedemo\\Reports\\20240222_112622\\Suites - Product\\20240222_112622\\1708576125910.png, F:\\SABERCODE QA\\QA Sanber\\Katalon_Saucedemo\\Reports\\20240222_112622\\Suites - Product\\20240222_112622\\1708576126953.png, F:\\SABERCODE QA\\QA Sanber\\Katalon_Saucedemo\\Reports\\20240222_112622\\Suites - Product\\20240222_112622\\1708576134257.png, F:\\SABERCODE QA\\QA Sanber\\Katalon_Saucedemo\\Reports\\20240222_112622\\Suites - Product\\20240222_112622\\1708576139175.png, F:\\SABERCODE QA\\QA Sanber\\Katalon_Saucedemo\\Reports\\20240222_112622\\Suites - Product\\20240222_112622\\1708576141008.png, F:\\SABERCODE QA\\QA Sanber\\Katalon_Saucedemo\\Reports\\20240222_112622\\Suites - Product\\20240222_112622\\1708576142672.png, F:\\SABERCODE QA\\QA Sanber\\Katalon_Saucedemo\\Reports\\20240222_112622\\Suites - Product\\20240222_112622\\1708576144400.png, F:\\SABERCODE QA\\QA Sanber\\Katalon_Saucedemo\\Reports\\20240222_112622\\Suites - Product\\20240222_112622\\1708576145503.png, F:\\SABERCODE QA\\QA Sanber\\Katalon_Saucedemo\\Reports\\20240222_112622\\Suites - Product\\20240222_112622\\1708576153106.png, F:\\SABERCODE QA\\QA Sanber\\Katalon_Saucedemo\\Reports\\20240222_112622\\Suites - Product\\20240222_112622\\1708576156560.png, F:\\SABERCODE QA\\QA Sanber\\Katalon_Saucedemo\\Reports\\20240222_112622\\Suites - Product\\20240222_112622\\1708576158294.png, F:\\SABERCODE QA\\QA Sanber\\Katalon_Saucedemo\\Reports\\20240222_112622\\Suites - Product\\20240222_112622\\1708576161205.png, F:\\SABERCODE QA\\QA Sanber\\Katalon_Saucedemo\\Reports\\20240222_112622\\Suites - Product\\20240222_112622\\1708576166300.png, F:\\SABERCODE QA\\QA Sanber\\Katalon_Saucedemo\\Reports\\20240222_112622\\Suites - Product\\20240222_112622\\1708576167506.png, F:\\SABERCODE QA\\QA Sanber\\Katalon_Saucedemo\\Reports\\20240222_112622\\Suites - Product\\20240222_112622\\1708576175725.png, F:\\SABERCODE QA\\QA Sanber\\Katalon_Saucedemo\\Reports\\20240222_112622\\Suites - Product\\20240222_112622\\1708576179538.png, F:\\SABERCODE QA\\QA Sanber\\Katalon_Saucedemo\\Reports\\20240222_112622\\Suites - Product\\20240222_112622\\1708576181178.png, F:\\SABERCODE QA\\QA Sanber\\Katalon_Saucedemo\\Reports\\20240222_112622\\Suites - Product\\20240222_112622\\1708576184102.png, F:\\SABERCODE QA\\QA Sanber\\Katalon_Saucedemo\\Reports\\20240222_112622\\Suites - Product\\20240222_112622\\1708576189037.png, F:\\SABERCODE QA\\QA Sanber\\Katalon_Saucedemo\\Reports\\20240222_112622\\Suites - Product\\20240222_112622\\1708576190263.png, F:\\SABERCODE QA\\QA Sanber\\Katalon_Saucedemo\\Reports\\20240222_112622\\Suites - Product\\20240222_112622\\1708576199660.png, F:\\SABERCODE QA\\QA Sanber\\Katalon_Saucedemo\\Reports\\20240222_112622\\Suites - Product\\20240222_112622\\1708576203165.png, F:\\SABERCODE QA\\QA Sanber\\Katalon_Saucedemo\\Reports\\20240222_112622\\Suites - Product\\20240222_112622\\1708576204955.png, F:\\SABERCODE QA\\QA Sanber\\Katalon_Saucedemo\\Reports\\20240222_112622\\Suites - Product\\20240222_112622\\1708576207864.png, F:\\SABERCODE QA\\QA Sanber\\Katalon_Saucedemo\\Reports\\20240222_112622\\Suites - Product\\20240222_112622\\1708576212859.png, F:\\SABERCODE QA\\QA Sanber\\Katalon_Saucedemo\\Reports\\20240222_112622\\Suites - Product\\20240222_112622\\1708576213994.png, F:\\SABERCODE QA\\QA Sanber\\Katalon_Saucedemo\\Reports\\20240222_112622\\Suites - Product\\20240222_112622\\1708576223125.png, F:\\SABERCODE QA\\QA Sanber\\Katalon_Saucedemo\\Reports\\20240222_112622\\Suites - Product\\20240222_112622\\1708576226635.png, F:\\SABERCODE QA\\QA Sanber\\Katalon_Saucedemo\\Reports\\20240222_112622\\Suites - Product\\20240222_112622\\1708576228404.png, F:\\SABERCODE QA\\QA Sanber\\Katalon_Saucedemo\\Reports\\20240222_112622\\Suites - Product\\20240222_112622\\1708576231450.png, F:\\SABERCODE QA\\QA Sanber\\Katalon_Saucedemo\\Reports\\20240222_112622\\Suites - Product\\20240222_112622\\1708576236645.png, F:\\SABERCODE QA\\QA Sanber\\Katalon_Saucedemo\\Reports\\20240222_112622\\Suites - Product\\20240222_112622\\1708576237764.png, F:\\SABERCODE QA\\QA Sanber\\Katalon_Saucedemo\\Reports\\20240222_112622\\Suites - Product\\20240222_112622\\1708576246111.png, F:\\SABERCODE QA\\QA Sanber\\Katalon_Saucedemo\\Reports\\20240222_112622\\Suites - Product\\20240222_112622\\1708576249672.png, F:\\SABERCODE QA\\QA Sanber\\Katalon_Saucedemo\\Reports\\20240222_112622\\Suites - Product\\20240222_112622\\1708576251499.png, F:\\SABERCODE QA\\QA Sanber\\Katalon_Saucedemo\\Reports\\20240222_112622\\Suites - Product\\20240222_112622\\1708576254410.png, F:\\SABERCODE QA\\QA Sanber\\Katalon_Saucedemo\\Reports\\20240222_112622\\Suites - Product\\20240222_112622\\1708576259359.png, F:\\SABERCODE QA\\QA Sanber\\Katalon_Saucedemo\\Reports\\20240222_112622\\Suites - Product\\20240222_112622\\1708576260506.png, F:\\SABERCODE QA\\QA Sanber\\Katalon_Saucedemo\\Reports\\20240222_112622\\Suites - Product\\20240222_112622\\1708576268457.png, F:\\SABERCODE QA\\QA Sanber\\Katalon_Saucedemo\\Reports\\20240222_112622\\Suites - Product\\20240222_112622\\1708576271995.png, F:\\SABERCODE QA\\QA Sanber\\Katalon_Saucedemo\\Reports\\20240222_112622\\Suites - Product\\20240222_112622\\1708576273837.png, F:\\SABERCODE QA\\QA Sanber\\Katalon_Saucedemo\\Reports\\20240222_112622\\Suites - Product\\20240222_112622\\1708576276861.png, F:\\SABERCODE QA\\QA Sanber\\Katalon_Saucedemo\\Reports\\20240222_112622\\Suites - Product\\20240222_112622\\1708576282569.png, F:\\SABERCODE QA\\QA Sanber\\Katalon_Saucedemo\\Reports\\20240222_112622\\Suites - Product\\20240222_112622\\1708576284324.png, F:\\SABERCODE QA\\QA Sanber\\Katalon_Saucedemo\\Reports\\20240222_112622\\Suites - Product\\20240222_112622\\1708576285581.png, F:\\SABERCODE QA\\QA Sanber\\Katalon_Saucedemo\\Reports\\20240222_112622\\Suites - Product\\20240222_112622\\1708576286657.png"/>
         <property name="hostName" value="LENOVO - DESKTOP-0EH6HA0.mshome.net"/>
         <property name="os" value="Windows 10 64bit"/>
         <property name="katalonVersion" value="8.5.5.208"/>
         <property name="browser" value="Edge Chromium 121"/>
         <property name="hostAddress" value="192.168.137.1"/>
         <property name="sessionId" value="994720b29254bc322f72ea99d876782d"/>
         <property name="seleniumVersion" value="3.141.59"/>
         <property name="proxyInformation" value="ProxyInformation { proxyOption=NO_PROXY, proxyServerType=HTTP, username=, password=********, proxyServerAddress=, proxyServerPort=0, executionList=&quot;&quot;, isApplyToDesiredCapabilities=true }"/>
         <property name="platform" value="Windows 10"/>
      </properties>
      <testcase name="Test Cases/Product/Filter product/3.1.1 Filter product name (A-Z)" time="21.288" classname="Test Cases/Product/Filter product/3.1.1 Filter product name (A-Z)" status="PASSED">
         <system-out><![CDATA[2024-02-22 11:26:27 - [TEST_CASE][PASSED] - Test Cases/Product/Filter product/3.1.1 Filter product name (A-Z): Test Cases/Product/Filter product/3.1.1 Filter product name (A-Z)

2024-02-22 11:26:27 - [TEST_STEP][PASSED] - callTestCase(findTestCase("Login/1.1.1 - User login with standar_user"), [:], STOP_ON_FAILURE): Call Test Case 'Test Cases/Login/1.1.1 - User login with standar_user' successfully

2024-02-22 11:26:27 - [TEST_CASE][PASSED] - Test Cases/Login/1.1.1 - User login with standar_user: Test Cases/Login/1.1.1 - User login with standar_user

2024-02-22 11:26:28 - [TEST_STEP][PASSED] - openBrowser(""): Browser is opened with url: ''

2024-02-22 11:26:28 - [MESSAGE][INFO] - Starting 'Edge Chromium' driver

2024-02-22 11:26:31 - [MESSAGE][INFO] - Action delay is set to 0 milliseconds

2024-02-22 11:26:33 - [MESSAGE][PASSED] - Browser is opened with url: ''

2024-02-22 11:26:33 - [TEST_STEP][PASSED] - navigateToUrl(baseUrl): Navigate to 'https://www.saucedemo.com/' successfully

2024-02-22 11:26:36 - [MESSAGE][PASSED] - Navigate to 'https://www.saucedemo.com/' successfully

2024-02-22 11:26:36 - [TEST_STEP][PASSED] - takeFullPageScreenshot(): Taking screenshot successfully

2024-02-22 11:26:37 - [MESSAGE][INFO] - 0 hidden object(s)

2024-02-22 11:26:37 - [MESSAGE][PASSED] - Taking screenshot successfully
[[ATTACHMENT|F:\\SABERCODE QA\\QA Sanber\\Katalon_Saucedemo\\Reports\\20240222_112622\\Suites - Product\\20240222_112622\\1708575996668.png]]

2024-02-22 11:26:37 - [TEST_STEP][PASSED] - setText(findTestObject("Login/field_username"), standard_user): Text 'standard_user' is set on object 'Object Repository/Login/field_username'

2024-02-22 11:26:39 - [MESSAGE][PASSED] - Text 'standard_user' is set on object 'Object Repository/Login/field_username'

2024-02-22 11:26:39 - [TEST_STEP][PASSED] - setText(findTestObject("Login/field_password"), password): Text 'secret_sauce' is set on object 'Object Repository/Login/field_password'

2024-02-22 11:26:40 - [MESSAGE][PASSED] - Text 'secret_sauce' is set on object 'Object Repository/Login/field_password'

2024-02-22 11:26:40 - [TEST_STEP][PASSED] - takeFullPageScreenshot(): Taking screenshot successfully

2024-02-22 11:26:40 - [MESSAGE][INFO] - 0 hidden object(s)

2024-02-22 11:26:41 - [MESSAGE][PASSED] - Taking screenshot successfully
[[ATTACHMENT|F:\\SABERCODE QA\\QA Sanber\\Katalon_Saucedemo\\Reports\\20240222_112622\\Suites - Product\\20240222_112622\\1708576000478.png]]

2024-02-22 11:26:41 - [TEST_STEP][PASSED] - click(findTestObject("Login/button_login")): Object: 'Object Repository/Login/button_login' is clicked on

2024-02-22 11:26:41 - [MESSAGE][PASSED] - Object: 'Object Repository/Login/button_login' is clicked on

2024-02-22 11:26:41 - [TEST_STEP][PASSED] - verifyTextPresent("Swag Labs", false): Text 'Swag Labs' is present on page 

2024-02-22 11:26:42 - [MESSAGE][PASSED] - Text 'Swag Labs' is present on page 

2024-02-22 11:26:42 - [TEST_STEP][PASSED] - takeFullPageScreenshot(): Taking screenshot successfully

2024-02-22 11:26:43 - [MESSAGE][INFO] - 0 hidden object(s)

2024-02-22 11:26:43 - [MESSAGE][PASSED] - Taking screenshot successfully
[[ATTACHMENT|F:\\SABERCODE QA\\QA Sanber\\Katalon_Saucedemo\\Reports\\20240222_112622\\Suites - Product\\20240222_112622\\1708576002200.png]]

2024-02-22 11:26:43 - [MESSAGE][PASSED] - Call Test Case 'Test Cases/Login/1.1.1 - User login with standar_user' successfully

2024-02-22 11:26:43 - [TEST_STEP][PASSED] - click(findTestObject("Product/filter icon")): Object: 'Object Repository/Product/filter icon' is clicked on

2024-02-22 11:26:44 - [MESSAGE][PASSED] - Object: 'Object Repository/Product/filter icon' is clicked on

2024-02-22 11:26:44 - [TEST_STEP][PASSED] - takeFullPageScreenshot(): Taking screenshot successfully

2024-02-22 11:26:45 - [MESSAGE][INFO] - 0 hidden object(s)

2024-02-22 11:26:45 - [MESSAGE][PASSED] - Taking screenshot successfully
[[ATTACHMENT|F:\\SABERCODE QA\\QA Sanber\\Katalon_Saucedemo\\Reports\\20240222_112622\\Suites - Product\\20240222_112622\\1708576004153.png]]

2024-02-22 11:26:45 - [TEST_STEP][PASSED] - click(findTestObject("Product/Name (A-Z)")): Object: 'Object Repository/Product/Name (A-Z)' is clicked on

2024-02-22 11:26:45 - [MESSAGE][PASSED] - Object: 'Object Repository/Product/Name (A-Z)' is clicked on

2024-02-22 11:26:45 - [TEST_STEP][PASSED] - takeFullPageScreenshot(): Taking screenshot successfully

2024-02-22 11:26:46 - [MESSAGE][INFO] - 0 hidden object(s)

2024-02-22 11:26:47 - [MESSAGE][PASSED] - Taking screenshot successfully
[[ATTACHMENT|F:\\SABERCODE QA\\QA Sanber\\Katalon_Saucedemo\\Reports\\20240222_112622\\Suites - Product\\20240222_112622\\1708576005999.png]]

2024-02-22 11:26:47 - [TEST_STEP][PASSED] - closeBrowser(): Browser is closed

2024-02-22 11:26:48 - [MESSAGE][PASSED] - Browser is closed]]></system-out>
         <system-err><![CDATA[]]></system-err>
      </testcase>
      <testcase name="Test Cases/Product/Filter product/3.1.2 Filter product name (Z-A)" time="17.473" classname="Test Cases/Product/Filter product/3.1.2 Filter product name (Z-A)" status="PASSED">
         <system-out><![CDATA[2024-02-22 11:26:48 - [TEST_CASE][PASSED] - Test Cases/Product/Filter product/3.1.2 Filter product name (Z-A): Test Cases/Product/Filter product/3.1.2 Filter product name (Z-A)

2024-02-22 11:26:48 - [TEST_STEP][PASSED] - callTestCase(findTestCase("Login/1.1.1 - User login with standar_user"), [:], STOP_ON_FAILURE): Call Test Case 'Test Cases/Login/1.1.1 - User login with standar_user' successfully

2024-02-22 11:26:48 - [TEST_CASE][PASSED] - Test Cases/Login/1.1.1 - User login with standar_user: Test Cases/Login/1.1.1 - User login with standar_user

2024-02-22 11:26:48 - [TEST_STEP][PASSED] - openBrowser(""): Browser is opened with url: ''

2024-02-22 11:26:48 - [MESSAGE][INFO] - Starting 'Edge Chromium' driver

2024-02-22 11:26:51 - [MESSAGE][INFO] - Action delay is set to 0 milliseconds

2024-02-22 11:26:52 - [MESSAGE][PASSED] - Browser is opened with url: ''

2024-02-22 11:26:52 - [TEST_STEP][PASSED] - navigateToUrl(baseUrl): Navigate to 'https://www.saucedemo.com/' successfully

2024-02-22 11:26:54 - [MESSAGE][PASSED] - Navigate to 'https://www.saucedemo.com/' successfully

2024-02-22 11:26:54 - [TEST_STEP][PASSED] - takeFullPageScreenshot(): Taking screenshot successfully

2024-02-22 11:26:55 - [MESSAGE][INFO] - 0 hidden object(s)

2024-02-22 11:26:55 - [MESSAGE][PASSED] - Taking screenshot successfully
[[ATTACHMENT|F:\\SABERCODE QA\\QA Sanber\\Katalon_Saucedemo\\Reports\\20240222_112622\\Suites - Product\\20240222_112622\\1708576014626.png]]

2024-02-22 11:26:55 - [TEST_STEP][PASSED] - setText(findTestObject("Login/field_username"), standard_user): Text 'standard_user' is set on object 'Object Repository/Login/field_username'

2024-02-22 11:26:57 - [MESSAGE][PASSED] - Text 'standard_user' is set on object 'Object Repository/Login/field_username'

2024-02-22 11:26:57 - [TEST_STEP][PASSED] - setText(findTestObject("Login/field_password"), password): Text 'secret_sauce' is set on object 'Object Repository/Login/field_password'

2024-02-22 11:26:58 - [MESSAGE][PASSED] - Text 'secret_sauce' is set on object 'Object Repository/Login/field_password'

2024-02-22 11:26:58 - [TEST_STEP][PASSED] - takeFullPageScreenshot(): Taking screenshot successfully

2024-02-22 11:26:58 - [MESSAGE][INFO] - 0 hidden object(s)

2024-02-22 11:26:58 - [MESSAGE][PASSED] - Taking screenshot successfully
[[ATTACHMENT|F:\\SABERCODE QA\\QA Sanber\\Katalon_Saucedemo\\Reports\\20240222_112622\\Suites - Product\\20240222_112622\\1708576018177.png]]

2024-02-22 11:26:58 - [TEST_STEP][PASSED] - click(findTestObject("Login/button_login")): Object: 'Object Repository/Login/button_login' is clicked on

2024-02-22 11:26:59 - [MESSAGE][PASSED] - Object: 'Object Repository/Login/button_login' is clicked on

2024-02-22 11:26:59 - [TEST_STEP][PASSED] - verifyTextPresent("Swag Labs", false): Text 'Swag Labs' is present on page 

2024-02-22 11:27:00 - [MESSAGE][PASSED] - Text 'Swag Labs' is present on page 

2024-02-22 11:27:00 - [TEST_STEP][PASSED] - takeFullPageScreenshot(): Taking screenshot successfully

2024-02-22 11:27:01 - [MESSAGE][INFO] - 0 hidden object(s)

2024-02-22 11:27:01 - [MESSAGE][PASSED] - Taking screenshot successfully
[[ATTACHMENT|F:\\SABERCODE QA\\QA Sanber\\Katalon_Saucedemo\\Reports\\20240222_112622\\Suites - Product\\20240222_112622\\1708576020038.png]]

2024-02-22 11:27:01 - [MESSAGE][PASSED] - Call Test Case 'Test Cases/Login/1.1.1 - User login with standar_user' successfully

2024-02-22 11:27:01 - [TEST_STEP][PASSED] - click(findTestObject("Product/filter icon")): Object: 'Object Repository/Product/filter icon' is clicked on

2024-02-22 11:27:01 - [MESSAGE][PASSED] - Object: 'Object Repository/Product/filter icon' is clicked on

2024-02-22 11:27:01 - [TEST_STEP][PASSED] - takeFullPageScreenshot(): Taking screenshot successfully

2024-02-22 11:27:02 - [MESSAGE][INFO] - 0 hidden object(s)

2024-02-22 11:27:03 - [MESSAGE][PASSED] - Taking screenshot successfully
[[ATTACHMENT|F:\\SABERCODE QA\\QA Sanber\\Katalon_Saucedemo\\Reports\\20240222_112622\\Suites - Product\\20240222_112622\\1708576021886.png]]

2024-02-22 11:27:03 - [TEST_STEP][PASSED] - click(findTestObject("Product/Name (Z-A)")): Object: 'Object Repository/Product/Name (Z-A)' is clicked on

2024-02-22 11:27:03 - [MESSAGE][PASSED] - Object: 'Object Repository/Product/Name (Z-A)' is clicked on

2024-02-22 11:27:03 - [TEST_STEP][PASSED] - takeFullPageScreenshot(): Taking screenshot successfully

2024-02-22 11:27:04 - [MESSAGE][INFO] - 0 hidden object(s)

2024-02-22 11:27:04 - [MESSAGE][PASSED] - Taking screenshot successfully
[[ATTACHMENT|F:\\SABERCODE QA\\QA Sanber\\Katalon_Saucedemo\\Reports\\20240222_112622\\Suites - Product\\20240222_112622\\1708576023752.png]]

2024-02-22 11:27:04 - [TEST_STEP][PASSED] - closeBrowser(): Browser is closed

2024-02-22 11:27:05 - [MESSAGE][PASSED] - Browser is closed]]></system-out>
         <system-err><![CDATA[]]></system-err>
      </testcase>
      <testcase name="Test Cases/Product/Filter product/3.1.3 Filter product price (low to high)" time="17.256" classname="Test Cases/Product/Filter product/3.1.3 Filter product price (low to high)" status="PASSED">
         <system-out><![CDATA[2024-02-22 11:27:05 - [TEST_CASE][PASSED] - Test Cases/Product/Filter product/3.1.3 Filter product price (low to high): Test Cases/Product/Filter product/3.1.3 Filter product price (low to high)

2024-02-22 11:27:06 - [TEST_STEP][PASSED] - callTestCase(findTestCase("Login/1.1.1 - User login with standar_user"), [:], STOP_ON_FAILURE): Call Test Case 'Test Cases/Login/1.1.1 - User login with standar_user' successfully

2024-02-22 11:27:06 - [TEST_CASE][PASSED] - Test Cases/Login/1.1.1 - User login with standar_user: Test Cases/Login/1.1.1 - User login with standar_user

2024-02-22 11:27:06 - [TEST_STEP][PASSED] - openBrowser(""): Browser is opened with url: ''

2024-02-22 11:27:06 - [MESSAGE][INFO] - Starting 'Edge Chromium' driver

2024-02-22 11:27:08 - [MESSAGE][INFO] - Action delay is set to 0 milliseconds

2024-02-22 11:27:09 - [MESSAGE][PASSED] - Browser is opened with url: ''

2024-02-22 11:27:09 - [TEST_STEP][PASSED] - navigateToUrl(baseUrl): Navigate to 'https://www.saucedemo.com/' successfully

2024-02-22 11:27:12 - [MESSAGE][PASSED] - Navigate to 'https://www.saucedemo.com/' successfully

2024-02-22 11:27:12 - [TEST_STEP][PASSED] - takeFullPageScreenshot(): Taking screenshot successfully

2024-02-22 11:27:12 - [MESSAGE][INFO] - 0 hidden object(s)

2024-02-22 11:27:12 - [MESSAGE][PASSED] - Taking screenshot successfully
[[ATTACHMENT|F:\\SABERCODE QA\\QA Sanber\\Katalon_Saucedemo\\Reports\\20240222_112622\\Suites - Product\\20240222_112622\\1708576032038.png]]

2024-02-22 11:27:12 - [TEST_STEP][PASSED] - setText(findTestObject("Login/field_username"), standard_user): Text 'standard_user' is set on object 'Object Repository/Login/field_username'

2024-02-22 11:27:14 - [MESSAGE][PASSED] - Text 'standard_user' is set on object 'Object Repository/Login/field_username'

2024-02-22 11:27:14 - [TEST_STEP][PASSED] - setText(findTestObject("Login/field_password"), password): Text 'secret_sauce' is set on object 'Object Repository/Login/field_password'

2024-02-22 11:27:15 - [MESSAGE][PASSED] - Text 'secret_sauce' is set on object 'Object Repository/Login/field_password'

2024-02-22 11:27:15 - [TEST_STEP][PASSED] - takeFullPageScreenshot(): Taking screenshot successfully

2024-02-22 11:27:16 - [MESSAGE][INFO] - 0 hidden object(s)

2024-02-22 11:27:16 - [MESSAGE][PASSED] - Taking screenshot successfully
[[ATTACHMENT|F:\\SABERCODE QA\\QA Sanber\\Katalon_Saucedemo\\Reports\\20240222_112622\\Suites - Product\\20240222_112622\\1708576035513.png]]

2024-02-22 11:27:16 - [TEST_STEP][PASSED] - click(findTestObject("Login/button_login")): Object: 'Object Repository/Login/button_login' is clicked on

2024-02-22 11:27:16 - [MESSAGE][PASSED] - Object: 'Object Repository/Login/button_login' is clicked on

2024-02-22 11:27:16 - [TEST_STEP][PASSED] - verifyTextPresent("Swag Labs", false): Text 'Swag Labs' is present on page 

2024-02-22 11:27:17 - [MESSAGE][PASSED] - Text 'Swag Labs' is present on page 

2024-02-22 11:27:17 - [TEST_STEP][PASSED] - takeFullPageScreenshot(): Taking screenshot successfully

2024-02-22 11:27:18 - [MESSAGE][INFO] - 0 hidden object(s)

2024-02-22 11:27:18 - [MESSAGE][PASSED] - Taking screenshot successfully
[[ATTACHMENT|F:\\SABERCODE QA\\QA Sanber\\Katalon_Saucedemo\\Reports\\20240222_112622\\Suites - Product\\20240222_112622\\1708576037399.png]]

2024-02-22 11:27:18 - [MESSAGE][PASSED] - Call Test Case 'Test Cases/Login/1.1.1 - User login with standar_user' successfully

2024-02-22 11:27:18 - [TEST_STEP][PASSED] - click(findTestObject("Product/filter icon")): Object: 'Object Repository/Product/filter icon' is clicked on

2024-02-22 11:27:19 - [MESSAGE][PASSED] - Object: 'Object Repository/Product/filter icon' is clicked on

2024-02-22 11:27:19 - [TEST_STEP][PASSED] - takeFullPageScreenshot(): Taking screenshot successfully

2024-02-22 11:27:20 - [MESSAGE][INFO] - 0 hidden object(s)

2024-02-22 11:27:20 - [MESSAGE][PASSED] - Taking screenshot successfully
[[ATTACHMENT|F:\\SABERCODE QA\\QA Sanber\\Katalon_Saucedemo\\Reports\\20240222_112622\\Suites - Product\\20240222_112622\\1708576039215.png]]

2024-02-22 11:27:20 - [TEST_STEP][PASSED] - click(findTestObject("Product/Price (low to high)")): Object: 'Object Repository/Product/Price (low to high)' is clicked on

2024-02-22 11:27:21 - [MESSAGE][PASSED] - Object: 'Object Repository/Product/Price (low to high)' is clicked on

2024-02-22 11:27:21 - [TEST_STEP][PASSED] - takeFullPageScreenshot(): Taking screenshot successfully

2024-02-22 11:27:21 - [MESSAGE][INFO] - 0 hidden object(s)

2024-02-22 11:27:22 - [MESSAGE][PASSED] - Taking screenshot successfully
[[ATTACHMENT|F:\\SABERCODE QA\\QA Sanber\\Katalon_Saucedemo\\Reports\\20240222_112622\\Suites - Product\\20240222_112622\\1708576041019.png]]

2024-02-22 11:27:22 - [TEST_STEP][PASSED] - closeBrowser(): Browser is closed

2024-02-22 11:27:23 - [MESSAGE][PASSED] - Browser is closed]]></system-out>
         <system-err><![CDATA[]]></system-err>
      </testcase>
      <testcase name="Test Cases/Product/Filter product/3.1.4 Filter product price (high to low)" time="17.201" classname="Test Cases/Product/Filter product/3.1.4 Filter product price (high to low)" status="PASSED">
         <system-out><![CDATA[2024-02-22 11:27:23 - [TEST_CASE][PASSED] - Test Cases/Product/Filter product/3.1.4 Filter product price (high to low): Test Cases/Product/Filter product/3.1.4 Filter product price (high to low)

2024-02-22 11:27:23 - [TEST_STEP][PASSED] - callTestCase(findTestCase("Login/1.1.1 - User login with standar_user"), [:], STOP_ON_FAILURE): Call Test Case 'Test Cases/Login/1.1.1 - User login with standar_user' successfully

2024-02-22 11:27:23 - [TEST_CASE][PASSED] - Test Cases/Login/1.1.1 - User login with standar_user: Test Cases/Login/1.1.1 - User login with standar_user

2024-02-22 11:27:23 - [TEST_STEP][PASSED] - openBrowser(""): Browser is opened with url: ''

2024-02-22 11:27:23 - [MESSAGE][INFO] - Starting 'Edge Chromium' driver

2024-02-22 11:27:25 - [MESSAGE][INFO] - Action delay is set to 0 milliseconds

2024-02-22 11:27:27 - [MESSAGE][PASSED] - Browser is opened with url: ''

2024-02-22 11:27:27 - [TEST_STEP][PASSED] - navigateToUrl(baseUrl): Navigate to 'https://www.saucedemo.com/' successfully

2024-02-22 11:27:29 - [MESSAGE][PASSED] - Navigate to 'https://www.saucedemo.com/' successfully

2024-02-22 11:27:29 - [TEST_STEP][PASSED] - takeFullPageScreenshot(): Taking screenshot successfully

2024-02-22 11:27:29 - [MESSAGE][INFO] - 0 hidden object(s)

2024-02-22 11:27:29 - [MESSAGE][PASSED] - Taking screenshot successfully
[[ATTACHMENT|F:\\SABERCODE QA\\QA Sanber\\Katalon_Saucedemo\\Reports\\20240222_112622\\Suites - Product\\20240222_112622\\1708576049058.png]]

2024-02-22 11:27:29 - [TEST_STEP][PASSED] - setText(findTestObject("Login/field_username"), standard_user): Text 'standard_user' is set on object 'Object Repository/Login/field_username'

2024-02-22 11:27:31 - [MESSAGE][PASSED] - Text 'standard_user' is set on object 'Object Repository/Login/field_username'

2024-02-22 11:27:31 - [TEST_STEP][PASSED] - setText(findTestObject("Login/field_password"), password): Text 'secret_sauce' is set on object 'Object Repository/Login/field_password'

2024-02-22 11:27:32 - [MESSAGE][PASSED] - Text 'secret_sauce' is set on object 'Object Repository/Login/field_password'

2024-02-22 11:27:32 - [TEST_STEP][PASSED] - takeFullPageScreenshot(): Taking screenshot successfully

2024-02-22 11:27:33 - [MESSAGE][INFO] - 0 hidden object(s)

2024-02-22 11:27:33 - [MESSAGE][PASSED] - Taking screenshot successfully
[[ATTACHMENT|F:\\SABERCODE QA\\QA Sanber\\Katalon_Saucedemo\\Reports\\20240222_112622\\Suites - Product\\20240222_112622\\1708576052579.png]]

2024-02-22 11:27:33 - [TEST_STEP][PASSED] - click(findTestObject("Login/button_login")): Object: 'Object Repository/Login/button_login' is clicked on

2024-02-22 11:27:33 - [MESSAGE][PASSED] - Object: 'Object Repository/Login/button_login' is clicked on

2024-02-22 11:27:33 - [TEST_STEP][PASSED] - verifyTextPresent("Swag Labs", false): Text 'Swag Labs' is present on page 

2024-02-22 11:27:34 - [MESSAGE][PASSED] - Text 'Swag Labs' is present on page 

2024-02-22 11:27:34 - [TEST_STEP][PASSED] - takeFullPageScreenshot(): Taking screenshot successfully

2024-02-22 11:27:35 - [MESSAGE][INFO] - 0 hidden object(s)

2024-02-22 11:27:35 - [MESSAGE][PASSED] - Taking screenshot successfully
[[ATTACHMENT|F:\\SABERCODE QA\\QA Sanber\\Katalon_Saucedemo\\Reports\\20240222_112622\\Suites - Product\\20240222_112622\\1708576054351.png]]

2024-02-22 11:27:35 - [MESSAGE][PASSED] - Call Test Case 'Test Cases/Login/1.1.1 - User login with standar_user' successfully

2024-02-22 11:27:35 - [TEST_STEP][PASSED] - click(findTestObject("Product/filter icon")): Object: 'Object Repository/Product/filter icon' is clicked on

2024-02-22 11:27:36 - [MESSAGE][PASSED] - Object: 'Object Repository/Product/filter icon' is clicked on

2024-02-22 11:27:36 - [TEST_STEP][PASSED] - takeFullPageScreenshot(): Taking screenshot successfully

2024-02-22 11:27:37 - [MESSAGE][INFO] - 0 hidden object(s)

2024-02-22 11:27:37 - [MESSAGE][PASSED] - Taking screenshot successfully
[[ATTACHMENT|F:\\SABERCODE QA\\QA Sanber\\Katalon_Saucedemo\\Reports\\20240222_112622\\Suites - Product\\20240222_112622\\1708576056244.png]]

2024-02-22 11:27:37 - [TEST_STEP][PASSED] - click(findTestObject("Product/Price (high to low)")): Object: 'Object Repository/Product/Price (high to low)' is clicked on

2024-02-22 11:27:38 - [MESSAGE][PASSED] - Object: 'Object Repository/Product/Price (high to low)' is clicked on

2024-02-22 11:27:38 - [TEST_STEP][PASSED] - takeFullPageScreenshot(): Taking screenshot successfully

2024-02-22 11:27:39 - [MESSAGE][INFO] - 0 hidden object(s)

2024-02-22 11:27:39 - [MESSAGE][PASSED] - Taking screenshot successfully
[[ATTACHMENT|F:\\SABERCODE QA\\QA Sanber\\Katalon_Saucedemo\\Reports\\20240222_112622\\Suites - Product\\20240222_112622\\1708576058146.png]]

2024-02-22 11:27:39 - [TEST_STEP][PASSED] - closeBrowser(): Browser is closed

2024-02-22 11:27:40 - [MESSAGE][PASSED] - Browser is closed]]></system-out>
         <system-err><![CDATA[]]></system-err>
      </testcase>
      <testcase name="Test Cases/Product/Description/3.2.1 View description product with clicking image" time="15.805" classname="Test Cases/Product/Description/3.2.1 View description product with clicking image" status="PASSED">
         <system-out><![CDATA[2024-02-22 11:27:40 - [TEST_CASE][PASSED] - Test Cases/Product/Description/3.2.1 View description product with clicking image: Test Cases/Product/Description/3.2.1 View description product with clicking image

2024-02-22 11:27:41 - [TEST_STEP][PASSED] - callTestCase(findTestCase("Login/1.1.1 - User login with standar_user"), [:], STOP_ON_FAILURE): Call Test Case 'Test Cases/Login/1.1.1 - User login with standar_user' successfully

2024-02-22 11:27:41 - [TEST_CASE][PASSED] - Test Cases/Login/1.1.1 - User login with standar_user: Test Cases/Login/1.1.1 - User login with standar_user

2024-02-22 11:27:41 - [TEST_STEP][PASSED] - openBrowser(""): Browser is opened with url: ''

2024-02-22 11:27:41 - [MESSAGE][INFO] - Starting 'Edge Chromium' driver

2024-02-22 11:27:43 - [MESSAGE][INFO] - Action delay is set to 0 milliseconds

2024-02-22 11:27:44 - [MESSAGE][PASSED] - Browser is opened with url: ''

2024-02-22 11:27:44 - [TEST_STEP][PASSED] - navigateToUrl(baseUrl): Navigate to 'https://www.saucedemo.com/' successfully

2024-02-22 11:27:47 - [MESSAGE][PASSED] - Navigate to 'https://www.saucedemo.com/' successfully

2024-02-22 11:27:47 - [TEST_STEP][PASSED] - takeFullPageScreenshot(): Taking screenshot successfully

2024-02-22 11:27:47 - [MESSAGE][INFO] - 0 hidden object(s)

2024-02-22 11:27:47 - [MESSAGE][PASSED] - Taking screenshot successfully
[[ATTACHMENT|F:\\SABERCODE QA\\QA Sanber\\Katalon_Saucedemo\\Reports\\20240222_112622\\Suites - Product\\20240222_112622\\1708576067037.png]]

2024-02-22 11:27:47 - [TEST_STEP][PASSED] - setText(findTestObject("Login/field_username"), standard_user): Text 'standard_user' is set on object 'Object Repository/Login/field_username'

2024-02-22 11:27:49 - [MESSAGE][PASSED] - Text 'standard_user' is set on object 'Object Repository/Login/field_username'

2024-02-22 11:27:49 - [TEST_STEP][PASSED] - setText(findTestObject("Login/field_password"), password): Text 'secret_sauce' is set on object 'Object Repository/Login/field_password'

2024-02-22 11:27:50 - [MESSAGE][PASSED] - Text 'secret_sauce' is set on object 'Object Repository/Login/field_password'

2024-02-22 11:27:50 - [TEST_STEP][PASSED] - takeFullPageScreenshot(): Taking screenshot successfully

2024-02-22 11:27:51 - [MESSAGE][INFO] - 0 hidden object(s)

2024-02-22 11:27:51 - [MESSAGE][PASSED] - Taking screenshot successfully
[[ATTACHMENT|F:\\SABERCODE QA\\QA Sanber\\Katalon_Saucedemo\\Reports\\20240222_112622\\Suites - Product\\20240222_112622\\1708576070590.png]]

2024-02-22 11:27:51 - [TEST_STEP][PASSED] - click(findTestObject("Login/button_login")): Object: 'Object Repository/Login/button_login' is clicked on

2024-02-22 11:27:51 - [MESSAGE][PASSED] - Object: 'Object Repository/Login/button_login' is clicked on

2024-02-22 11:27:51 - [TEST_STEP][PASSED] - verifyTextPresent("Swag Labs", false): Text 'Swag Labs' is present on page 

2024-02-22 11:27:52 - [MESSAGE][PASSED] - Text 'Swag Labs' is present on page 

2024-02-22 11:27:52 - [TEST_STEP][PASSED] - takeFullPageScreenshot(): Taking screenshot successfully

2024-02-22 11:27:53 - [MESSAGE][INFO] - 0 hidden object(s)

2024-02-22 11:27:53 - [MESSAGE][PASSED] - Taking screenshot successfully
[[ATTACHMENT|F:\\SABERCODE QA\\QA Sanber\\Katalon_Saucedemo\\Reports\\20240222_112622\\Suites - Product\\20240222_112622\\1708576072480.png]]

2024-02-22 11:27:53 - [MESSAGE][PASSED] - Call Test Case 'Test Cases/Login/1.1.1 - User login with standar_user' successfully

2024-02-22 11:27:53 - [TEST_STEP][PASSED] - click(findTestObject("Product/product title")): Object: 'Object Repository/Product/product title' is clicked on

2024-02-22 11:27:54 - [MESSAGE][PASSED] - Object: 'Object Repository/Product/product title' is clicked on

2024-02-22 11:27:54 - [TEST_STEP][PASSED] - takeFullPageScreenshot(): Taking screenshot successfully

2024-02-22 11:27:55 - [MESSAGE][INFO] - 0 hidden object(s)

2024-02-22 11:27:55 - [MESSAGE][PASSED] - Taking screenshot successfully
[[ATTACHMENT|F:\\SABERCODE QA\\QA Sanber\\Katalon_Saucedemo\\Reports\\20240222_112622\\Suites - Product\\20240222_112622\\1708576074372.png]]

2024-02-22 11:27:55 - [TEST_STEP][PASSED] - closeBrowser(): Browser is closed

2024-02-22 11:27:56 - [MESSAGE][PASSED] - Browser is closed]]></system-out>
         <system-err><![CDATA[]]></system-err>
      </testcase>
      <testcase name="Test Cases/Product/Description/3.2.2 View description product with clicking product name" time="0.472" classname="Test Cases/Product/Description/3.2.2 View description product with clicking product name" status="PASSED">
         <system-out><![CDATA[2024-02-22 11:27:56 - [TEST_CASE][PASSED] - Test Cases/Product/Description/3.2.2 View description product with clicking product name: Test Cases/Product/Description/3.2.2 View description product with clicking product name

2024-02-22 11:27:56 - [TEST_STEP][PASSED] - return null: null]]></system-out>
         <system-err><![CDATA[]]></system-err>
      </testcase>
      <testcase name="Test Cases/Product/Add to cart/3.3.1 User add product with clicking button add to cart" time="16.359" classname="Test Cases/Product/Add to cart/3.3.1 User add product with clicking button add to cart" status="PASSED">
         <system-out><![CDATA[2024-02-22 11:27:56 - [TEST_CASE][PASSED] - Test Cases/Product/Add to cart/3.3.1 User add product with clicking button add to cart: Test Cases/Product/Add to cart/3.3.1 User add product with clicking button add to cart

2024-02-22 11:27:57 - [TEST_STEP][PASSED] - callTestCase(findTestCase("Login/1.1.1 - User login with standar_user"), [:], STOP_ON_FAILURE): Call Test Case 'Test Cases/Login/1.1.1 - User login with standar_user' successfully

2024-02-22 11:27:57 - [TEST_CASE][PASSED] - Test Cases/Login/1.1.1 - User login with standar_user: Test Cases/Login/1.1.1 - User login with standar_user

2024-02-22 11:27:57 - [TEST_STEP][PASSED] - openBrowser(""): Browser is opened with url: ''

2024-02-22 11:27:57 - [MESSAGE][INFO] - Starting 'Edge Chromium' driver

2024-02-22 11:27:59 - [MESSAGE][INFO] - Action delay is set to 0 milliseconds

2024-02-22 11:28:00 - [MESSAGE][PASSED] - Browser is opened with url: ''

2024-02-22 11:28:00 - [TEST_STEP][PASSED] - navigateToUrl(baseUrl): Navigate to 'https://www.saucedemo.com/' successfully

2024-02-22 11:28:03 - [MESSAGE][PASSED] - Navigate to 'https://www.saucedemo.com/' successfully

2024-02-22 11:28:03 - [TEST_STEP][PASSED] - takeFullPageScreenshot(): Taking screenshot successfully

2024-02-22 11:28:03 - [MESSAGE][INFO] - 0 hidden object(s)

2024-02-22 11:28:04 - [MESSAGE][PASSED] - Taking screenshot successfully
[[ATTACHMENT|F:\\SABERCODE QA\\QA Sanber\\Katalon_Saucedemo\\Reports\\20240222_112622\\Suites - Product\\20240222_112622\\1708576083410.png]]

2024-02-22 11:28:04 - [TEST_STEP][PASSED] - setText(findTestObject("Login/field_username"), standard_user): Text 'standard_user' is set on object 'Object Repository/Login/field_username'

2024-02-22 11:28:05 - [MESSAGE][PASSED] - Text 'standard_user' is set on object 'Object Repository/Login/field_username'

2024-02-22 11:28:05 - [TEST_STEP][PASSED] - setText(findTestObject("Login/field_password"), password): Text 'secret_sauce' is set on object 'Object Repository/Login/field_password'

2024-02-22 11:28:06 - [MESSAGE][PASSED] - Text 'secret_sauce' is set on object 'Object Repository/Login/field_password'

2024-02-22 11:28:06 - [TEST_STEP][PASSED] - takeFullPageScreenshot(): Taking screenshot successfully

2024-02-22 11:28:07 - [MESSAGE][INFO] - 0 hidden object(s)

2024-02-22 11:28:07 - [MESSAGE][PASSED] - Taking screenshot successfully
[[ATTACHMENT|F:\\SABERCODE QA\\QA Sanber\\Katalon_Saucedemo\\Reports\\20240222_112622\\Suites - Product\\20240222_112622\\1708576086791.png]]

2024-02-22 11:28:07 - [TEST_STEP][PASSED] - click(findTestObject("Login/button_login")): Object: 'Object Repository/Login/button_login' is clicked on

2024-02-22 11:28:08 - [MESSAGE][PASSED] - Object: 'Object Repository/Login/button_login' is clicked on

2024-02-22 11:28:08 - [TEST_STEP][PASSED] - verifyTextPresent("Swag Labs", false): Text 'Swag Labs' is present on page 

2024-02-22 11:28:08 - [MESSAGE][PASSED] - Text 'Swag Labs' is present on page 

2024-02-22 11:28:08 - [TEST_STEP][PASSED] - takeFullPageScreenshot(): Taking screenshot successfully

2024-02-22 11:28:09 - [MESSAGE][INFO] - 0 hidden object(s)

2024-02-22 11:28:10 - [MESSAGE][PASSED] - Taking screenshot successfully
[[ATTACHMENT|F:\\SABERCODE QA\\QA Sanber\\Katalon_Saucedemo\\Reports\\20240222_112622\\Suites - Product\\20240222_112622\\1708576088590.png]]

2024-02-22 11:28:10 - [MESSAGE][PASSED] - Call Test Case 'Test Cases/Login/1.1.1 - User login with standar_user' successfully

2024-02-22 11:28:10 - [TEST_STEP][PASSED] - click(findTestObject("Product/addtocart")): Object: 'Object Repository/Product/addtocart' is clicked on

2024-02-22 11:28:10 - [MESSAGE][PASSED] - Object: 'Object Repository/Product/addtocart' is clicked on

2024-02-22 11:28:10 - [TEST_STEP][PASSED] - takeFullPageScreenshot(): Taking screenshot successfully

2024-02-22 11:28:11 - [MESSAGE][INFO] - 0 hidden object(s)

2024-02-22 11:28:12 - [MESSAGE][PASSED] - Taking screenshot successfully
[[ATTACHMENT|F:\\SABERCODE QA\\QA Sanber\\Katalon_Saucedemo\\Reports\\20240222_112622\\Suites - Product\\20240222_112622\\1708576090532.png]]

2024-02-22 11:28:12 - [TEST_STEP][PASSED] - closeBrowser(): Browser is closed

2024-02-22 11:28:13 - [MESSAGE][PASSED] - Browser is closed]]></system-out>
         <system-err><![CDATA[]]></system-err>
      </testcase>
      <testcase name="Test Cases/Product/Add to cart/3.3.2 User remove product with clicking button remove" time="17.837" classname="Test Cases/Product/Add to cart/3.3.2 User remove product with clicking button remove" status="PASSED">
         <system-out><![CDATA[2024-02-22 11:28:13 - [TEST_CASE][PASSED] - Test Cases/Product/Add to cart/3.3.2 User remove product with clicking button remove: Test Cases/Product/Add to cart/3.3.2 User remove product with clicking button remove

2024-02-22 11:28:13 - [TEST_STEP][PASSED] - callTestCase(findTestCase("Login/1.1.1 - User login with standar_user"), [:], STOP_ON_FAILURE): Call Test Case 'Test Cases/Login/1.1.1 - User login with standar_user' successfully

2024-02-22 11:28:13 - [TEST_CASE][PASSED] - Test Cases/Login/1.1.1 - User login with standar_user: Test Cases/Login/1.1.1 - User login with standar_user

2024-02-22 11:28:13 - [TEST_STEP][PASSED] - openBrowser(""): Browser is opened with url: ''

2024-02-22 11:28:13 - [MESSAGE][INFO] - Starting 'Edge Chromium' driver

2024-02-22 11:28:15 - [MESSAGE][INFO] - Action delay is set to 0 milliseconds

2024-02-22 11:28:17 - [MESSAGE][PASSED] - Browser is opened with url: ''

2024-02-22 11:28:17 - [TEST_STEP][PASSED] - navigateToUrl(baseUrl): Navigate to 'https://www.saucedemo.com/' successfully

2024-02-22 11:28:19 - [MESSAGE][PASSED] - Navigate to 'https://www.saucedemo.com/' successfully

2024-02-22 11:28:19 - [TEST_STEP][PASSED] - takeFullPageScreenshot(): Taking screenshot successfully

2024-02-22 11:28:20 - [MESSAGE][INFO] - 0 hidden object(s)

2024-02-22 11:28:20 - [MESSAGE][PASSED] - Taking screenshot successfully
[[ATTACHMENT|F:\\SABERCODE QA\\QA Sanber\\Katalon_Saucedemo\\Reports\\20240222_112622\\Suites - Product\\20240222_112622\\1708576100008.png]]

2024-02-22 11:28:20 - [TEST_STEP][PASSED] - setText(findTestObject("Login/field_username"), standard_user): Text 'standard_user' is set on object 'Object Repository/Login/field_username'

2024-02-22 11:28:22 - [MESSAGE][PASSED] - Text 'standard_user' is set on object 'Object Repository/Login/field_username'

2024-02-22 11:28:22 - [TEST_STEP][PASSED] - setText(findTestObject("Login/field_password"), password): Text 'secret_sauce' is set on object 'Object Repository/Login/field_password'

2024-02-22 11:28:23 - [MESSAGE][PASSED] - Text 'secret_sauce' is set on object 'Object Repository/Login/field_password'

2024-02-22 11:28:23 - [TEST_STEP][PASSED] - takeFullPageScreenshot(): Taking screenshot successfully

2024-02-22 11:28:23 - [MESSAGE][INFO] - 0 hidden object(s)

2024-02-22 11:28:23 - [MESSAGE][PASSED] - Taking screenshot successfully
[[ATTACHMENT|F:\\SABERCODE QA\\QA Sanber\\Katalon_Saucedemo\\Reports\\20240222_112622\\Suites - Product\\20240222_112622\\1708576103428.png]]

2024-02-22 11:28:23 - [TEST_STEP][PASSED] - click(findTestObject("Login/button_login")): Object: 'Object Repository/Login/button_login' is clicked on

2024-02-22 11:28:24 - [MESSAGE][PASSED] - Object: 'Object Repository/Login/button_login' is clicked on

2024-02-22 11:28:24 - [TEST_STEP][PASSED] - verifyTextPresent("Swag Labs", false): Text 'Swag Labs' is present on page 

2024-02-22 11:28:25 - [MESSAGE][PASSED] - Text 'Swag Labs' is present on page 

2024-02-22 11:28:25 - [TEST_STEP][PASSED] - takeFullPageScreenshot(): Taking screenshot successfully

2024-02-22 11:28:26 - [MESSAGE][INFO] - 0 hidden object(s)

2024-02-22 11:28:26 - [MESSAGE][PASSED] - Taking screenshot successfully
[[ATTACHMENT|F:\\SABERCODE QA\\QA Sanber\\Katalon_Saucedemo\\Reports\\20240222_112622\\Suites - Product\\20240222_112622\\1708576105210.png]]

2024-02-22 11:28:26 - [MESSAGE][PASSED] - Call Test Case 'Test Cases/Login/1.1.1 - User login with standar_user' successfully

2024-02-22 11:28:26 - [TEST_STEP][PASSED] - click(findTestObject("Product/addtocart")): Object: 'Object Repository/Product/addtocart' is clicked on

2024-02-22 11:28:26 - [MESSAGE][PASSED] - Object: 'Object Repository/Product/addtocart' is clicked on

2024-02-22 11:28:26 - [TEST_STEP][PASSED] - takeFullPageScreenshot(): Taking screenshot successfully

2024-02-22 11:28:27 - [MESSAGE][INFO] - 0 hidden object(s)

2024-02-22 11:28:28 - [MESSAGE][PASSED] - Taking screenshot successfully
[[ATTACHMENT|F:\\SABERCODE QA\\QA Sanber\\Katalon_Saucedemo\\Reports\\20240222_112622\\Suites - Product\\20240222_112622\\1708576106946.png]]

2024-02-22 11:28:28 - [TEST_STEP][PASSED] - click(findTestObject("Product/remove-cart")): Object: 'Object Repository/Product/remove-cart' is clicked on

2024-02-22 11:28:28 - [MESSAGE][PASSED] - Object: 'Object Repository/Product/remove-cart' is clicked on

2024-02-22 11:28:28 - [TEST_STEP][PASSED] - takeFullPageScreenshot(): Taking screenshot successfully

2024-02-22 11:28:29 - [MESSAGE][INFO] - 0 hidden object(s)

2024-02-22 11:28:29 - [MESSAGE][PASSED] - Taking screenshot successfully
[[ATTACHMENT|F:\\SABERCODE QA\\QA Sanber\\Katalon_Saucedemo\\Reports\\20240222_112622\\Suites - Product\\20240222_112622\\1708576108615.png]]

2024-02-22 11:28:29 - [TEST_STEP][PASSED] - closeBrowser(): Browser is closed

2024-02-22 11:28:30 - [MESSAGE][PASSED] - Browser is closed]]></system-out>
         <system-err><![CDATA[]]></system-err>
      </testcase>
      <testcase name="Test Cases/Product/Add to cart/4.1.1 User want to back product" time="18.405" classname="Test Cases/Product/Add to cart/4.1.1 User want to back product" status="PASSED">
         <system-out><![CDATA[2024-02-22 11:28:30 - [TEST_CASE][PASSED] - Test Cases/Product/Add to cart/4.1.1 User want to back product: Test Cases/Product/Add to cart/4.1.1 User want to back product

2024-02-22 11:28:31 - [TEST_STEP][PASSED] - callTestCase(findTestCase("Login/1.1.1 - User login with standar_user"), [:], STOP_ON_FAILURE): Call Test Case 'Test Cases/Login/1.1.1 - User login with standar_user' successfully

2024-02-22 11:28:31 - [TEST_CASE][PASSED] - Test Cases/Login/1.1.1 - User login with standar_user: Test Cases/Login/1.1.1 - User login with standar_user

2024-02-22 11:28:31 - [TEST_STEP][PASSED] - openBrowser(""): Browser is opened with url: ''

2024-02-22 11:28:31 - [MESSAGE][INFO] - Starting 'Edge Chromium' driver

2024-02-22 11:28:33 - [MESSAGE][INFO] - Action delay is set to 0 milliseconds

2024-02-22 11:28:34 - [MESSAGE][PASSED] - Browser is opened with url: ''

2024-02-22 11:28:34 - [TEST_STEP][PASSED] - navigateToUrl(baseUrl): Navigate to 'https://www.saucedemo.com/' successfully

2024-02-22 11:28:37 - [MESSAGE][PASSED] - Navigate to 'https://www.saucedemo.com/' successfully

2024-02-22 11:28:37 - [TEST_STEP][PASSED] - takeFullPageScreenshot(): Taking screenshot successfully

2024-02-22 11:28:37 - [MESSAGE][INFO] - 0 hidden object(s)

2024-02-22 11:28:37 - [MESSAGE][PASSED] - Taking screenshot successfully
[[ATTACHMENT|F:\\SABERCODE QA\\QA Sanber\\Katalon_Saucedemo\\Reports\\20240222_112622\\Suites - Product\\20240222_112622\\1708576117030.png]]

2024-02-22 11:28:37 - [TEST_STEP][PASSED] - setText(findTestObject("Login/field_username"), standard_user): Text 'standard_user' is set on object 'Object Repository/Login/field_username'

2024-02-22 11:28:39 - [MESSAGE][PASSED] - Text 'standard_user' is set on object 'Object Repository/Login/field_username'

2024-02-22 11:28:39 - [TEST_STEP][PASSED] - setText(findTestObject("Login/field_password"), password): Text 'secret_sauce' is set on object 'Object Repository/Login/field_password'

2024-02-22 11:28:40 - [MESSAGE][PASSED] - Text 'secret_sauce' is set on object 'Object Repository/Login/field_password'

2024-02-22 11:28:40 - [TEST_STEP][PASSED] - takeFullPageScreenshot(): Taking screenshot successfully

2024-02-22 11:28:41 - [MESSAGE][INFO] - 0 hidden object(s)

2024-02-22 11:28:41 - [MESSAGE][PASSED] - Taking screenshot successfully
[[ATTACHMENT|F:\\SABERCODE QA\\QA Sanber\\Katalon_Saucedemo\\Reports\\20240222_112622\\Suites - Product\\20240222_112622\\1708576120491.png]]

2024-02-22 11:28:41 - [TEST_STEP][PASSED] - click(findTestObject("Login/button_login")): Object: 'Object Repository/Login/button_login' is clicked on

2024-02-22 11:28:41 - [MESSAGE][PASSED] - Object: 'Object Repository/Login/button_login' is clicked on

2024-02-22 11:28:41 - [TEST_STEP][PASSED] - verifyTextPresent("Swag Labs", false): Text 'Swag Labs' is present on page 

2024-02-22 11:28:42 - [MESSAGE][PASSED] - Text 'Swag Labs' is present on page 

2024-02-22 11:28:42 - [TEST_STEP][PASSED] - takeFullPageScreenshot(): Taking screenshot successfully

2024-02-22 11:28:43 - [MESSAGE][INFO] - 0 hidden object(s)

2024-02-22 11:28:43 - [MESSAGE][PASSED] - Taking screenshot successfully
[[ATTACHMENT|F:\\SABERCODE QA\\QA Sanber\\Katalon_Saucedemo\\Reports\\20240222_112622\\Suites - Product\\20240222_112622\\1708576122333.png]]

2024-02-22 11:28:43 - [MESSAGE][PASSED] - Call Test Case 'Test Cases/Login/1.1.1 - User login with standar_user' successfully

2024-02-22 11:28:43 - [TEST_STEP][PASSED] - click(findTestObject("Product/addtocart")): Object: 'Object Repository/Product/addtocart' is clicked on

2024-02-22 11:28:44 - [MESSAGE][PASSED] - Object: 'Object Repository/Product/addtocart' is clicked on

2024-02-22 11:28:44 - [TEST_STEP][PASSED] - takeFullPageScreenshot(): Taking screenshot successfully

2024-02-22 11:28:45 - [MESSAGE][INFO] - 0 hidden object(s)

2024-02-22 11:28:45 - [MESSAGE][PASSED] - Taking screenshot successfully
[[ATTACHMENT|F:\\SABERCODE QA\\QA Sanber\\Katalon_Saucedemo\\Reports\\20240222_112622\\Suites - Product\\20240222_112622\\1708576124154.png]]

2024-02-22 11:28:45 - [TEST_STEP][PASSED] - click(findTestObject("Product/cart icon")): Object: 'Object Repository/Product/cart icon' is clicked on

2024-02-22 11:28:45 - [MESSAGE][PASSED] - Object: 'Object Repository/Product/cart icon' is clicked on

2024-02-22 11:28:45 - [TEST_STEP][PASSED] - takeFullPageScreenshot(): Taking screenshot successfully

2024-02-22 11:28:46 - [MESSAGE][INFO] - 0 hidden object(s)

2024-02-22 11:28:46 - [MESSAGE][PASSED] - Taking screenshot successfully
[[ATTACHMENT|F:\\SABERCODE QA\\QA Sanber\\Katalon_Saucedemo\\Reports\\20240222_112622\\Suites - Product\\20240222_112622\\1708576125910.png]]

2024-02-22 11:28:46 - [TEST_STEP][PASSED] - click(findTestObject("Product/btn-continue shopping")): Object: 'Object Repository/Product/btn-continue shopping' is clicked on

2024-02-22 11:28:46 - [MESSAGE][PASSED] - Object: 'Object Repository/Product/btn-continue shopping' is clicked on

2024-02-22 11:28:46 - [TEST_STEP][PASSED] - takeFullPageScreenshot(): Taking screenshot successfully

2024-02-22 11:28:47 - [MESSAGE][INFO] - 0 hidden object(s)

2024-02-22 11:28:48 - [MESSAGE][PASSED] - Taking screenshot successfully
[[ATTACHMENT|F:\\SABERCODE QA\\QA Sanber\\Katalon_Saucedemo\\Reports\\20240222_112622\\Suites - Product\\20240222_112622\\1708576126953.png]]

2024-02-22 11:28:48 - [TEST_STEP][PASSED] - closeBrowser(): Browser is closed

2024-02-22 11:28:49 - [MESSAGE][PASSED] - Browser is closed]]></system-out>
         <system-err><![CDATA[]]></system-err>
      </testcase>
      <testcase name="Test Cases/Product/Add to cart/4.1.2 User want to remove product" time="17.597" classname="Test Cases/Product/Add to cart/4.1.2 User want to remove product" status="PASSED">
         <system-out><![CDATA[2024-02-22 11:28:49 - [TEST_CASE][PASSED] - Test Cases/Product/Add to cart/4.1.2 User want to remove product: Test Cases/Product/Add to cart/4.1.2 User want to remove product

2024-02-22 11:28:49 - [TEST_STEP][PASSED] - callTestCase(findTestCase("Login/1.1.1 - User login with standar_user"), [:], STOP_ON_FAILURE): Call Test Case 'Test Cases/Login/1.1.1 - User login with standar_user' successfully

2024-02-22 11:28:49 - [TEST_CASE][PASSED] - Test Cases/Login/1.1.1 - User login with standar_user: Test Cases/Login/1.1.1 - User login with standar_user

2024-02-22 11:28:49 - [TEST_STEP][PASSED] - openBrowser(""): Browser is opened with url: ''

2024-02-22 11:28:49 - [MESSAGE][INFO] - Starting 'Edge Chromium' driver

2024-02-22 11:28:52 - [MESSAGE][INFO] - Action delay is set to 0 milliseconds

2024-02-22 11:28:53 - [MESSAGE][PASSED] - Browser is opened with url: ''

2024-02-22 11:28:53 - [TEST_STEP][PASSED] - navigateToUrl(baseUrl): Navigate to 'https://www.saucedemo.com/' successfully

2024-02-22 11:28:54 - [MESSAGE][PASSED] - Navigate to 'https://www.saucedemo.com/' successfully

2024-02-22 11:28:54 - [TEST_STEP][PASSED] - takeFullPageScreenshot(): Taking screenshot successfully

2024-02-22 11:28:56 - [MESSAGE][INFO] - 0 hidden object(s)

2024-02-22 11:28:56 - [MESSAGE][PASSED] - Taking screenshot successfully
[[ATTACHMENT|F:\\SABERCODE QA\\QA Sanber\\Katalon_Saucedemo\\Reports\\20240222_112622\\Suites - Product\\20240222_112622\\1708576134257.png]]

2024-02-22 11:28:56 - [TEST_STEP][PASSED] - setText(findTestObject("Login/field_username"), standard_user): Text 'standard_user' is set on object 'Object Repository/Login/field_username'

2024-02-22 11:28:58 - [MESSAGE][PASSED] - Text 'standard_user' is set on object 'Object Repository/Login/field_username'

2024-02-22 11:28:58 - [TEST_STEP][PASSED] - setText(findTestObject("Login/field_password"), password): Text 'secret_sauce' is set on object 'Object Repository/Login/field_password'

2024-02-22 11:28:59 - [MESSAGE][PASSED] - Text 'secret_sauce' is set on object 'Object Repository/Login/field_password'

2024-02-22 11:28:59 - [TEST_STEP][PASSED] - takeFullPageScreenshot(): Taking screenshot successfully

2024-02-22 11:28:59 - [MESSAGE][INFO] - 0 hidden object(s)

2024-02-22 11:28:59 - [MESSAGE][PASSED] - Taking screenshot successfully
[[ATTACHMENT|F:\\SABERCODE QA\\QA Sanber\\Katalon_Saucedemo\\Reports\\20240222_112622\\Suites - Product\\20240222_112622\\1708576139175.png]]

2024-02-22 11:28:59 - [TEST_STEP][PASSED] - click(findTestObject("Login/button_login")): Object: 'Object Repository/Login/button_login' is clicked on

2024-02-22 11:29:00 - [MESSAGE][PASSED] - Object: 'Object Repository/Login/button_login' is clicked on

2024-02-22 11:29:00 - [TEST_STEP][PASSED] - verifyTextPresent("Swag Labs", false): Text 'Swag Labs' is present on page 

2024-02-22 11:29:01 - [MESSAGE][PASSED] - Text 'Swag Labs' is present on page 

2024-02-22 11:29:01 - [TEST_STEP][PASSED] - takeFullPageScreenshot(): Taking screenshot successfully

2024-02-22 11:29:01 - [MESSAGE][INFO] - 0 hidden object(s)

2024-02-22 11:29:02 - [MESSAGE][PASSED] - Taking screenshot successfully
[[ATTACHMENT|F:\\SABERCODE QA\\QA Sanber\\Katalon_Saucedemo\\Reports\\20240222_112622\\Suites - Product\\20240222_112622\\1708576141008.png]]

2024-02-22 11:29:02 - [MESSAGE][PASSED] - Call Test Case 'Test Cases/Login/1.1.1 - User login with standar_user' successfully

2024-02-22 11:29:02 - [TEST_STEP][PASSED] - click(findTestObject("Product/addtocart")): Object: 'Object Repository/Product/addtocart' is clicked on

2024-02-22 11:29:02 - [MESSAGE][PASSED] - Object: 'Object Repository/Product/addtocart' is clicked on

2024-02-22 11:29:02 - [TEST_STEP][PASSED] - takeFullPageScreenshot(): Taking screenshot successfully

2024-02-22 11:29:03 - [MESSAGE][INFO] - 0 hidden object(s)

2024-02-22 11:29:03 - [MESSAGE][PASSED] - Taking screenshot successfully
[[ATTACHMENT|F:\\SABERCODE QA\\QA Sanber\\Katalon_Saucedemo\\Reports\\20240222_112622\\Suites - Product\\20240222_112622\\1708576142672.png]]

2024-02-22 11:29:03 - [TEST_STEP][PASSED] - click(findTestObject("Product/cart icon")): Object: 'Object Repository/Product/cart icon' is clicked on

2024-02-22 11:29:04 - [MESSAGE][PASSED] - Object: 'Object Repository/Product/cart icon' is clicked on

2024-02-22 11:29:04 - [TEST_STEP][PASSED] - takeFullPageScreenshot(): Taking screenshot successfully

2024-02-22 11:29:04 - [MESSAGE][INFO] - 0 hidden object(s)

2024-02-22 11:29:05 - [MESSAGE][PASSED] - Taking screenshot successfully
[[ATTACHMENT|F:\\SABERCODE QA\\QA Sanber\\Katalon_Saucedemo\\Reports\\20240222_112622\\Suites - Product\\20240222_112622\\1708576144400.png]]

2024-02-22 11:29:05 - [TEST_STEP][PASSED] - click(findTestObject("Product/btn-remove product")): Object: 'Object Repository/Product/btn-remove product' is clicked on

2024-02-22 11:29:05 - [MESSAGE][PASSED] - Object: 'Object Repository/Product/btn-remove product' is clicked on

2024-02-22 11:29:05 - [TEST_STEP][PASSED] - takeFullPageScreenshot(): Taking screenshot successfully

2024-02-22 11:29:05 - [MESSAGE][INFO] - 0 hidden object(s)

2024-02-22 11:29:05 - [MESSAGE][PASSED] - Taking screenshot successfully
[[ATTACHMENT|F:\\SABERCODE QA\\QA Sanber\\Katalon_Saucedemo\\Reports\\20240222_112622\\Suites - Product\\20240222_112622\\1708576145503.png]]

2024-02-22 11:29:05 - [TEST_STEP][PASSED] - closeBrowser(): Browser is closed

2024-02-22 11:29:06 - [MESSAGE][PASSED] - Browser is closed]]></system-out>
         <system-err><![CDATA[]]></system-err>
      </testcase>
      <testcase name="Test Cases/Product/User information/4.2.1 User input data valid" time="22.305" classname="Test Cases/Product/User information/4.2.1 User input data valid" status="PASSED">
         <system-out><![CDATA[2024-02-22 11:29:06 - [TEST_CASE][PASSED] - Test Cases/Product/User information/4.2.1 User input data valid: Test Cases/Product/User information/4.2.1 User input data valid

2024-02-22 11:29:07 - [TEST_STEP][PASSED] - callTestCase(findTestCase("Login/1.1.1 - User login with standar_user"), [:], STOP_ON_FAILURE): Call Test Case 'Test Cases/Login/1.1.1 - User login with standar_user' successfully

2024-02-22 11:29:07 - [TEST_CASE][PASSED] - Test Cases/Login/1.1.1 - User login with standar_user: Test Cases/Login/1.1.1 - User login with standar_user

2024-02-22 11:29:07 - [TEST_STEP][PASSED] - openBrowser(""): Browser is opened with url: ''

2024-02-22 11:29:07 - [MESSAGE][INFO] - Starting 'Edge Chromium' driver

2024-02-22 11:29:09 - [MESSAGE][INFO] - Action delay is set to 0 milliseconds

2024-02-22 11:29:10 - [MESSAGE][PASSED] - Browser is opened with url: ''

2024-02-22 11:29:10 - [TEST_STEP][PASSED] - navigateToUrl(baseUrl): Navigate to 'https://www.saucedemo.com/' successfully

2024-02-22 11:29:13 - [MESSAGE][PASSED] - Navigate to 'https://www.saucedemo.com/' successfully

2024-02-22 11:29:13 - [TEST_STEP][PASSED] - takeFullPageScreenshot(): Taking screenshot successfully

2024-02-22 11:29:13 - [MESSAGE][INFO] - 0 hidden object(s)

2024-02-22 11:29:13 - [MESSAGE][PASSED] - Taking screenshot successfully
[[ATTACHMENT|F:\\SABERCODE QA\\QA Sanber\\Katalon_Saucedemo\\Reports\\20240222_112622\\Suites - Product\\20240222_112622\\1708576153106.png]]

2024-02-22 11:29:13 - [TEST_STEP][PASSED] - setText(findTestObject("Login/field_username"), standard_user): Text 'standard_user' is set on object 'Object Repository/Login/field_username'

2024-02-22 11:29:15 - [MESSAGE][PASSED] - Text 'standard_user' is set on object 'Object Repository/Login/field_username'

2024-02-22 11:29:15 - [TEST_STEP][PASSED] - setText(findTestObject("Login/field_password"), password): Text 'secret_sauce' is set on object 'Object Repository/Login/field_password'

2024-02-22 11:29:16 - [MESSAGE][PASSED] - Text 'secret_sauce' is set on object 'Object Repository/Login/field_password'

2024-02-22 11:29:16 - [TEST_STEP][PASSED] - takeFullPageScreenshot(): Taking screenshot successfully

2024-02-22 11:29:17 - [MESSAGE][INFO] - 0 hidden object(s)

2024-02-22 11:29:17 - [MESSAGE][PASSED] - Taking screenshot successfully
[[ATTACHMENT|F:\\SABERCODE QA\\QA Sanber\\Katalon_Saucedemo\\Reports\\20240222_112622\\Suites - Product\\20240222_112622\\1708576156560.png]]

2024-02-22 11:29:17 - [TEST_STEP][PASSED] - click(findTestObject("Login/button_login")): Object: 'Object Repository/Login/button_login' is clicked on

2024-02-22 11:29:17 - [MESSAGE][PASSED] - Object: 'Object Repository/Login/button_login' is clicked on

2024-02-22 11:29:17 - [TEST_STEP][PASSED] - verifyTextPresent("Swag Labs", false): Text 'Swag Labs' is present on page 

2024-02-22 11:29:18 - [MESSAGE][PASSED] - Text 'Swag Labs' is present on page 

2024-02-22 11:29:18 - [TEST_STEP][PASSED] - takeFullPageScreenshot(): Taking screenshot successfully

2024-02-22 11:29:19 - [MESSAGE][INFO] - 0 hidden object(s)

2024-02-22 11:29:19 - [MESSAGE][PASSED] - Taking screenshot successfully
[[ATTACHMENT|F:\\SABERCODE QA\\QA Sanber\\Katalon_Saucedemo\\Reports\\20240222_112622\\Suites - Product\\20240222_112622\\1708576158294.png]]

2024-02-22 11:29:19 - [MESSAGE][PASSED] - Call Test Case 'Test Cases/Login/1.1.1 - User login with standar_user' successfully

2024-02-22 11:29:19 - [TEST_STEP][PASSED] - click(findTestObject("Product/addtocart")): Object: 'Object Repository/Product/addtocart' is clicked on

2024-02-22 11:29:19 - [MESSAGE][PASSED] - Object: 'Object Repository/Product/addtocart' is clicked on

2024-02-22 11:29:19 - [TEST_STEP][PASSED] - click(findTestObject("Product/cart icon")): Object: 'Object Repository/Product/cart icon' is clicked on

2024-02-22 11:29:20 - [MESSAGE][PASSED] - Object: 'Object Repository/Product/cart icon' is clicked on

2024-02-22 11:29:20 - [TEST_STEP][PASSED] - click(findTestObject("Product/btn-checkout")): Object: 'Object Repository/Product/btn-checkout' is clicked on

2024-02-22 11:29:21 - [MESSAGE][PASSED] - Object: 'Object Repository/Product/btn-checkout' is clicked on

2024-02-22 11:29:21 - [TEST_STEP][PASSED] - takeFullPageScreenshot(): Taking screenshot successfully

2024-02-22 11:29:21 - [MESSAGE][INFO] - 0 hidden object(s)

2024-02-22 11:29:21 - [MESSAGE][PASSED] - Taking screenshot successfully
[[ATTACHMENT|F:\\SABERCODE QA\\QA Sanber\\Katalon_Saucedemo\\Reports\\20240222_112622\\Suites - Product\\20240222_112622\\1708576161205.png]]

2024-02-22 11:29:21 - [TEST_STEP][PASSED] - setText(findTestObject("Product/firstname"), firstname): Text 'Muhammad' is set on object 'Object Repository/Product/firstname'

2024-02-22 11:29:22 - [MESSAGE][PASSED] - Text 'Muhammad' is set on object 'Object Repository/Product/firstname'

2024-02-22 11:29:22 - [TEST_STEP][PASSED] - setText(findTestObject("Product/lastname"), lastname): Text 'Azzam' is set on object 'Object Repository/Product/lastname'

2024-02-22 11:29:23 - [MESSAGE][PASSED] - Text 'Azzam' is set on object 'Object Repository/Product/lastname'

2024-02-22 11:29:23 - [TEST_STEP][PASSED] - setText(findTestObject("Product/postcal code"), PostcalCode): Text '12345' is set on object 'Object Repository/Product/postcal code'

2024-02-22 11:29:26 - [MESSAGE][PASSED] - Text '12345' is set on object 'Object Repository/Product/postcal code'

2024-02-22 11:29:26 - [TEST_STEP][PASSED] - takeFullPageScreenshot(): Taking screenshot successfully

2024-02-22 11:29:26 - [MESSAGE][INFO] - 0 hidden object(s)

2024-02-22 11:29:26 - [MESSAGE][PASSED] - Taking screenshot successfully
[[ATTACHMENT|F:\\SABERCODE QA\\QA Sanber\\Katalon_Saucedemo\\Reports\\20240222_112622\\Suites - Product\\20240222_112622\\1708576166300.png]]

2024-02-22 11:29:26 - [TEST_STEP][PASSED] - click(findTestObject("Product/btn-continue")): Object: 'Object Repository/Product/btn-continue' is clicked on

2024-02-22 11:29:27 - [MESSAGE][PASSED] - Object: 'Object Repository/Product/btn-continue' is clicked on

2024-02-22 11:29:27 - [TEST_STEP][PASSED] - takeFullPageScreenshot(): Taking screenshot successfully

2024-02-22 11:29:28 - [MESSAGE][INFO] - 0 hidden object(s)

2024-02-22 11:29:28 - [MESSAGE][PASSED] - Taking screenshot successfully
[[ATTACHMENT|F:\\SABERCODE QA\\QA Sanber\\Katalon_Saucedemo\\Reports\\20240222_112622\\Suites - Product\\20240222_112622\\1708576167506.png]]

2024-02-22 11:29:28 - [TEST_STEP][PASSED] - closeBrowser(): Browser is closed

2024-02-22 11:29:29 - [MESSAGE][PASSED] - Browser is closed]]></system-out>
         <system-err><![CDATA[]]></system-err>
      </testcase>
      <testcase name="Test Cases/Product/User information/4.2.2 User input firstname null" time="23.144" classname="Test Cases/Product/User information/4.2.2 User input firstname null" status="PASSED">
         <system-out><![CDATA[2024-02-22 11:29:29 - [TEST_CASE][PASSED] - Test Cases/Product/User information/4.2.2 User input firstname null: Test Cases/Product/User information/4.2.2 User input firstname null

2024-02-22 11:29:29 - [TEST_STEP][PASSED] - callTestCase(findTestCase("Login/1.1.1 - User login with standar_user"), [:], STOP_ON_FAILURE): Call Test Case 'Test Cases/Login/1.1.1 - User login with standar_user' successfully

2024-02-22 11:29:29 - [TEST_CASE][PASSED] - Test Cases/Login/1.1.1 - User login with standar_user: Test Cases/Login/1.1.1 - User login with standar_user

2024-02-22 11:29:29 - [TEST_STEP][PASSED] - openBrowser(""): Browser is opened with url: ''

2024-02-22 11:29:29 - [MESSAGE][INFO] - Starting 'Edge Chromium' driver

2024-02-22 11:29:32 - [MESSAGE][INFO] - Action delay is set to 0 milliseconds

2024-02-22 11:29:33 - [MESSAGE][PASSED] - Browser is opened with url: ''

2024-02-22 11:29:33 - [TEST_STEP][PASSED] - navigateToUrl(baseUrl): Navigate to 'https://www.saucedemo.com/' successfully

2024-02-22 11:29:35 - [MESSAGE][PASSED] - Navigate to 'https://www.saucedemo.com/' successfully

2024-02-22 11:29:35 - [TEST_STEP][PASSED] - takeFullPageScreenshot(): Taking screenshot successfully

2024-02-22 11:29:36 - [MESSAGE][INFO] - 0 hidden object(s)

2024-02-22 11:29:36 - [MESSAGE][PASSED] - Taking screenshot successfully
[[ATTACHMENT|F:\\SABERCODE QA\\QA Sanber\\Katalon_Saucedemo\\Reports\\20240222_112622\\Suites - Product\\20240222_112622\\1708576175725.png]]

2024-02-22 11:29:36 - [TEST_STEP][PASSED] - setText(findTestObject("Login/field_username"), standard_user): Text 'standard_user' is set on object 'Object Repository/Login/field_username'

2024-02-22 11:29:38 - [MESSAGE][PASSED] - Text 'standard_user' is set on object 'Object Repository/Login/field_username'

2024-02-22 11:29:38 - [TEST_STEP][PASSED] - setText(findTestObject("Login/field_password"), password): Text 'secret_sauce' is set on object 'Object Repository/Login/field_password'

2024-02-22 11:29:39 - [MESSAGE][PASSED] - Text 'secret_sauce' is set on object 'Object Repository/Login/field_password'

2024-02-22 11:29:39 - [TEST_STEP][PASSED] - takeFullPageScreenshot(): Taking screenshot successfully

2024-02-22 11:29:40 - [MESSAGE][INFO] - 0 hidden object(s)

2024-02-22 11:29:40 - [MESSAGE][PASSED] - Taking screenshot successfully
[[ATTACHMENT|F:\\SABERCODE QA\\QA Sanber\\Katalon_Saucedemo\\Reports\\20240222_112622\\Suites - Product\\20240222_112622\\1708576179538.png]]

2024-02-22 11:29:40 - [TEST_STEP][PASSED] - click(findTestObject("Login/button_login")): Object: 'Object Repository/Login/button_login' is clicked on

2024-02-22 11:29:40 - [MESSAGE][PASSED] - Object: 'Object Repository/Login/button_login' is clicked on

2024-02-22 11:29:40 - [TEST_STEP][PASSED] - verifyTextPresent("Swag Labs", false): Text 'Swag Labs' is present on page 

2024-02-22 11:29:41 - [MESSAGE][PASSED] - Text 'Swag Labs' is present on page 

2024-02-22 11:29:41 - [TEST_STEP][PASSED] - takeFullPageScreenshot(): Taking screenshot successfully

2024-02-22 11:29:42 - [MESSAGE][INFO] - 0 hidden object(s)

2024-02-22 11:29:42 - [MESSAGE][PASSED] - Taking screenshot successfully
[[ATTACHMENT|F:\\SABERCODE QA\\QA Sanber\\Katalon_Saucedemo\\Reports\\20240222_112622\\Suites - Product\\20240222_112622\\1708576181178.png]]

2024-02-22 11:29:42 - [MESSAGE][PASSED] - Call Test Case 'Test Cases/Login/1.1.1 - User login with standar_user' successfully

2024-02-22 11:29:42 - [TEST_STEP][PASSED] - click(findTestObject("Product/addtocart")): Object: 'Object Repository/Product/addtocart' is clicked on

2024-02-22 11:29:42 - [MESSAGE][PASSED] - Object: 'Object Repository/Product/addtocart' is clicked on

2024-02-22 11:29:42 - [TEST_STEP][PASSED] - click(findTestObject("Product/cart icon")): Object: 'Object Repository/Product/cart icon' is clicked on

2024-02-22 11:29:43 - [MESSAGE][PASSED] - Object: 'Object Repository/Product/cart icon' is clicked on

2024-02-22 11:29:43 - [TEST_STEP][PASSED] - click(findTestObject("Product/btn-checkout")): Object: 'Object Repository/Product/btn-checkout' is clicked on

2024-02-22 11:29:44 - [MESSAGE][PASSED] - Object: 'Object Repository/Product/btn-checkout' is clicked on

2024-02-22 11:29:44 - [TEST_STEP][PASSED] - takeFullPageScreenshot(): Taking screenshot successfully

2024-02-22 11:29:44 - [MESSAGE][INFO] - 0 hidden object(s)

2024-02-22 11:29:44 - [MESSAGE][PASSED] - Taking screenshot successfully
[[ATTACHMENT|F:\\SABERCODE QA\\QA Sanber\\Katalon_Saucedemo\\Reports\\20240222_112622\\Suites - Product\\20240222_112622\\1708576184102.png]]

2024-02-22 11:29:44 - [TEST_STEP][PASSED] - setText(findTestObject("Product/firstname"), ""): Text '' is set on object 'Object Repository/Product/firstname'

2024-02-22 11:29:45 - [MESSAGE][PASSED] - Text '' is set on object 'Object Repository/Product/firstname'

2024-02-22 11:29:45 - [TEST_STEP][PASSED] - setText(findTestObject("Product/lastname"), lastname): Text 'Azzam' is set on object 'Object Repository/Product/lastname'

2024-02-22 11:29:46 - [MESSAGE][PASSED] - Text 'Azzam' is set on object 'Object Repository/Product/lastname'

2024-02-22 11:29:46 - [TEST_STEP][PASSED] - setText(findTestObject("Product/postcal code"), PostcalCode): Text '12345' is set on object 'Object Repository/Product/postcal code'

2024-02-22 11:29:49 - [MESSAGE][PASSED] - Text '12345' is set on object 'Object Repository/Product/postcal code'

2024-02-22 11:29:49 - [TEST_STEP][PASSED] - takeFullPageScreenshot(): Taking screenshot successfully

2024-02-22 11:29:49 - [MESSAGE][INFO] - 0 hidden object(s)

2024-02-22 11:29:49 - [MESSAGE][PASSED] - Taking screenshot successfully
[[ATTACHMENT|F:\\SABERCODE QA\\QA Sanber\\Katalon_Saucedemo\\Reports\\20240222_112622\\Suites - Product\\20240222_112622\\1708576189037.png]]

2024-02-22 11:29:49 - [TEST_STEP][PASSED] - click(findTestObject("Product/btn-continue")): Object: 'Object Repository/Product/btn-continue' is clicked on

2024-02-22 11:29:50 - [MESSAGE][PASSED] - Object: 'Object Repository/Product/btn-continue' is clicked on

2024-02-22 11:29:50 - [TEST_STEP][PASSED] - takeFullPageScreenshot(): Taking screenshot successfully

2024-02-22 11:29:50 - [MESSAGE][INFO] - 0 hidden object(s)

2024-02-22 11:29:50 - [MESSAGE][PASSED] - Taking screenshot successfully
[[ATTACHMENT|F:\\SABERCODE QA\\QA Sanber\\Katalon_Saucedemo\\Reports\\20240222_112622\\Suites - Product\\20240222_112622\\1708576190263.png]]

2024-02-22 11:29:50 - [TEST_STEP][PASSED] - verifyElementText(findTestObject("Product/assertion/h3_Error First Name is required"), "Error: First Name is required"): Actual text and expected text of test object 'Object Repository/Product/assertion/h3_Error First Name is required' are matched.

2024-02-22 11:29:51 - [MESSAGE][PASSED] - Actual text and expected text of test object 'Object Repository/Product/assertion/h3_Error First Name is required' are matched.

2024-02-22 11:29:51 - [TEST_STEP][PASSED] - closeBrowser(): Browser is closed

2024-02-22 11:29:52 - [MESSAGE][PASSED] - Browser is closed]]></system-out>
         <system-err><![CDATA[]]></system-err>
      </testcase>
      <testcase name="Test Cases/Product/User information/4.2.3 User input lastname null" time="23.64" classname="Test Cases/Product/User information/4.2.3 User input lastname null" status="PASSED">
         <system-out><![CDATA[2024-02-22 11:29:52 - [TEST_CASE][PASSED] - Test Cases/Product/User information/4.2.3 User input lastname null: Test Cases/Product/User information/4.2.3 User input lastname null

2024-02-22 11:29:52 - [TEST_STEP][PASSED] - callTestCase(findTestCase("Login/1.1.1 - User login with standar_user"), [:], STOP_ON_FAILURE): Call Test Case 'Test Cases/Login/1.1.1 - User login with standar_user' successfully

2024-02-22 11:29:52 - [TEST_CASE][PASSED] - Test Cases/Login/1.1.1 - User login with standar_user: Test Cases/Login/1.1.1 - User login with standar_user

2024-02-22 11:29:52 - [TEST_STEP][PASSED] - openBrowser(""): Browser is opened with url: ''

2024-02-22 11:29:52 - [MESSAGE][INFO] - Starting 'Edge Chromium' driver

2024-02-22 11:29:55 - [MESSAGE][INFO] - Action delay is set to 0 milliseconds

2024-02-22 11:29:56 - [MESSAGE][PASSED] - Browser is opened with url: ''

2024-02-22 11:29:56 - [TEST_STEP][PASSED] - navigateToUrl(baseUrl): Navigate to 'https://www.saucedemo.com/' successfully

2024-02-22 11:29:59 - [MESSAGE][PASSED] - Navigate to 'https://www.saucedemo.com/' successfully

2024-02-22 11:29:59 - [TEST_STEP][PASSED] - takeFullPageScreenshot(): Taking screenshot successfully

2024-02-22 11:30:00 - [MESSAGE][INFO] - 0 hidden object(s)

2024-02-22 11:30:00 - [MESSAGE][PASSED] - Taking screenshot successfully
[[ATTACHMENT|F:\\SABERCODE QA\\QA Sanber\\Katalon_Saucedemo\\Reports\\20240222_112622\\Suites - Product\\20240222_112622\\1708576199660.png]]

2024-02-22 11:30:00 - [TEST_STEP][PASSED] - setText(findTestObject("Login/field_username"), standard_user): Text 'standard_user' is set on object 'Object Repository/Login/field_username'

2024-02-22 11:30:02 - [MESSAGE][PASSED] - Text 'standard_user' is set on object 'Object Repository/Login/field_username'

2024-02-22 11:30:02 - [TEST_STEP][PASSED] - setText(findTestObject("Login/field_password"), password): Text 'secret_sauce' is set on object 'Object Repository/Login/field_password'

2024-02-22 11:30:03 - [MESSAGE][PASSED] - Text 'secret_sauce' is set on object 'Object Repository/Login/field_password'

2024-02-22 11:30:03 - [TEST_STEP][PASSED] - takeFullPageScreenshot(): Taking screenshot successfully

2024-02-22 11:30:03 - [MESSAGE][INFO] - 0 hidden object(s)

2024-02-22 11:30:03 - [MESSAGE][PASSED] - Taking screenshot successfully
[[ATTACHMENT|F:\\SABERCODE QA\\QA Sanber\\Katalon_Saucedemo\\Reports\\20240222_112622\\Suites - Product\\20240222_112622\\1708576203165.png]]

2024-02-22 11:30:03 - [TEST_STEP][PASSED] - click(findTestObject("Login/button_login")): Object: 'Object Repository/Login/button_login' is clicked on

2024-02-22 11:30:04 - [MESSAGE][PASSED] - Object: 'Object Repository/Login/button_login' is clicked on

2024-02-22 11:30:04 - [TEST_STEP][PASSED] - verifyTextPresent("Swag Labs", false): Text 'Swag Labs' is present on page 

2024-02-22 11:30:04 - [MESSAGE][PASSED] - Text 'Swag Labs' is present on page 

2024-02-22 11:30:04 - [TEST_STEP][PASSED] - takeFullPageScreenshot(): Taking screenshot successfully

2024-02-22 11:30:05 - [MESSAGE][INFO] - 0 hidden object(s)

2024-02-22 11:30:06 - [MESSAGE][PASSED] - Taking screenshot successfully
[[ATTACHMENT|F:\\SABERCODE QA\\QA Sanber\\Katalon_Saucedemo\\Reports\\20240222_112622\\Suites - Product\\20240222_112622\\1708576204955.png]]

2024-02-22 11:30:06 - [MESSAGE][PASSED] - Call Test Case 'Test Cases/Login/1.1.1 - User login with standar_user' successfully

2024-02-22 11:30:06 - [TEST_STEP][PASSED] - click(findTestObject("Product/addtocart")): Object: 'Object Repository/Product/addtocart' is clicked on

2024-02-22 11:30:06 - [MESSAGE][PASSED] - Object: 'Object Repository/Product/addtocart' is clicked on

2024-02-22 11:30:06 - [TEST_STEP][PASSED] - click(findTestObject("Product/cart icon")): Object: 'Object Repository/Product/cart icon' is clicked on

2024-02-22 11:30:07 - [MESSAGE][PASSED] - Object: 'Object Repository/Product/cart icon' is clicked on

2024-02-22 11:30:07 - [TEST_STEP][PASSED] - click(findTestObject("Product/btn-checkout")): Object: 'Object Repository/Product/btn-checkout' is clicked on

2024-02-22 11:30:07 - [MESSAGE][PASSED] - Object: 'Object Repository/Product/btn-checkout' is clicked on

2024-02-22 11:30:07 - [TEST_STEP][PASSED] - takeFullPageScreenshot(): Taking screenshot successfully

2024-02-22 11:30:08 - [MESSAGE][INFO] - 0 hidden object(s)

2024-02-22 11:30:08 - [MESSAGE][PASSED] - Taking screenshot successfully
[[ATTACHMENT|F:\\SABERCODE QA\\QA Sanber\\Katalon_Saucedemo\\Reports\\20240222_112622\\Suites - Product\\20240222_112622\\1708576207864.png]]

2024-02-22 11:30:08 - [TEST_STEP][PASSED] - setText(findTestObject("Product/firstname"), firstname): Text 'Muhammad' is set on object 'Object Repository/Product/firstname'

2024-02-22 11:30:09 - [MESSAGE][PASSED] - Text 'Muhammad' is set on object 'Object Repository/Product/firstname'

2024-02-22 11:30:09 - [TEST_STEP][PASSED] - setText(findTestObject("Product/lastname"), ""): Text '' is set on object 'Object Repository/Product/lastname'

2024-02-22 11:30:10 - [MESSAGE][PASSED] - Text '' is set on object 'Object Repository/Product/lastname'

2024-02-22 11:30:10 - [TEST_STEP][PASSED] - setText(findTestObject("Product/postcal code"), PostcalCode): Text '12345' is set on object 'Object Repository/Product/postcal code'

2024-02-22 11:30:12 - [MESSAGE][PASSED] - Text '12345' is set on object 'Object Repository/Product/postcal code'

2024-02-22 11:30:12 - [TEST_STEP][PASSED] - takeFullPageScreenshot(): Taking screenshot successfully

2024-02-22 11:30:13 - [MESSAGE][INFO] - 0 hidden object(s)

2024-02-22 11:30:13 - [MESSAGE][PASSED] - Taking screenshot successfully
[[ATTACHMENT|F:\\SABERCODE QA\\QA Sanber\\Katalon_Saucedemo\\Reports\\20240222_112622\\Suites - Product\\20240222_112622\\1708576212859.png]]

2024-02-22 11:30:13 - [TEST_STEP][PASSED] - click(findTestObject("Product/btn-continue")): Object: 'Object Repository/Product/btn-continue' is clicked on

2024-02-22 11:30:13 - [MESSAGE][PASSED] - Object: 'Object Repository/Product/btn-continue' is clicked on

2024-02-22 11:30:13 - [TEST_STEP][PASSED] - takeFullPageScreenshot(): Taking screenshot successfully

2024-02-22 11:30:14 - [MESSAGE][INFO] - 0 hidden object(s)

2024-02-22 11:30:14 - [MESSAGE][PASSED] - Taking screenshot successfully
[[ATTACHMENT|F:\\SABERCODE QA\\QA Sanber\\Katalon_Saucedemo\\Reports\\20240222_112622\\Suites - Product\\20240222_112622\\1708576213994.png]]

2024-02-22 11:30:14 - [TEST_STEP][PASSED] - verifyElementText(findTestObject("Product/assertion/h3_Error Last Name is required"), "Error: Last Name is required"): Actual text and expected text of test object 'Object Repository/Product/assertion/h3_Error Last Name is required' are matched.

2024-02-22 11:30:15 - [MESSAGE][PASSED] - Actual text and expected text of test object 'Object Repository/Product/assertion/h3_Error Last Name is required' are matched.

2024-02-22 11:30:15 - [TEST_STEP][PASSED] - closeBrowser(): Browser is closed

2024-02-22 11:30:16 - [MESSAGE][PASSED] - Browser is closed]]></system-out>
         <system-err><![CDATA[]]></system-err>
      </testcase>
      <testcase name="Test Cases/Product/User information/4.2.4 User input postal code-zip null" time="23.745" classname="Test Cases/Product/User information/4.2.4 User input postal code-zip null" status="PASSED">
         <system-out><![CDATA[2024-02-22 11:30:16 - [TEST_CASE][PASSED] - Test Cases/Product/User information/4.2.4 User input postal code-zip null: Test Cases/Product/User information/4.2.4 User input postal code-zip null

2024-02-22 11:30:16 - [TEST_STEP][PASSED] - callTestCase(findTestCase("Login/1.1.1 - User login with standar_user"), [:], STOP_ON_FAILURE): Call Test Case 'Test Cases/Login/1.1.1 - User login with standar_user' successfully

2024-02-22 11:30:16 - [TEST_CASE][PASSED] - Test Cases/Login/1.1.1 - User login with standar_user: Test Cases/Login/1.1.1 - User login with standar_user

2024-02-22 11:30:16 - [TEST_STEP][PASSED] - openBrowser(""): Browser is opened with url: ''

2024-02-22 11:30:16 - [MESSAGE][INFO] - Starting 'Edge Chromium' driver

2024-02-22 11:30:18 - [MESSAGE][INFO] - Action delay is set to 0 milliseconds

2024-02-22 11:30:20 - [MESSAGE][PASSED] - Browser is opened with url: ''

2024-02-22 11:30:20 - [TEST_STEP][PASSED] - navigateToUrl(baseUrl): Navigate to 'https://www.saucedemo.com/' successfully

2024-02-22 11:30:23 - [MESSAGE][PASSED] - Navigate to 'https://www.saucedemo.com/' successfully

2024-02-22 11:30:23 - [TEST_STEP][PASSED] - takeFullPageScreenshot(): Taking screenshot successfully

2024-02-22 11:30:23 - [MESSAGE][INFO] - 0 hidden object(s)

2024-02-22 11:30:23 - [MESSAGE][PASSED] - Taking screenshot successfully
[[ATTACHMENT|F:\\SABERCODE QA\\QA Sanber\\Katalon_Saucedemo\\Reports\\20240222_112622\\Suites - Product\\20240222_112622\\1708576223125.png]]

2024-02-22 11:30:23 - [TEST_STEP][PASSED] - setText(findTestObject("Login/field_username"), standard_user): Text 'standard_user' is set on object 'Object Repository/Login/field_username'

2024-02-22 11:30:25 - [MESSAGE][PASSED] - Text 'standard_user' is set on object 'Object Repository/Login/field_username'

2024-02-22 11:30:25 - [TEST_STEP][PASSED] - setText(findTestObject("Login/field_password"), password): Text 'secret_sauce' is set on object 'Object Repository/Login/field_password'

2024-02-22 11:30:26 - [MESSAGE][PASSED] - Text 'secret_sauce' is set on object 'Object Repository/Login/field_password'

2024-02-22 11:30:26 - [TEST_STEP][PASSED] - takeFullPageScreenshot(): Taking screenshot successfully

2024-02-22 11:30:27 - [MESSAGE][INFO] - 0 hidden object(s)

2024-02-22 11:30:27 - [MESSAGE][PASSED] - Taking screenshot successfully
[[ATTACHMENT|F:\\SABERCODE QA\\QA Sanber\\Katalon_Saucedemo\\Reports\\20240222_112622\\Suites - Product\\20240222_112622\\1708576226635.png]]

2024-02-22 11:30:27 - [TEST_STEP][PASSED] - click(findTestObject("Login/button_login")): Object: 'Object Repository/Login/button_login' is clicked on

2024-02-22 11:30:27 - [MESSAGE][PASSED] - Object: 'Object Repository/Login/button_login' is clicked on

2024-02-22 11:30:27 - [TEST_STEP][PASSED] - verifyTextPresent("Swag Labs", false): Text 'Swag Labs' is present on page 

2024-02-22 11:30:28 - [MESSAGE][PASSED] - Text 'Swag Labs' is present on page 

2024-02-22 11:30:28 - [TEST_STEP][PASSED] - takeFullPageScreenshot(): Taking screenshot successfully

2024-02-22 11:30:29 - [MESSAGE][INFO] - 0 hidden object(s)

2024-02-22 11:30:29 - [MESSAGE][PASSED] - Taking screenshot successfully
[[ATTACHMENT|F:\\SABERCODE QA\\QA Sanber\\Katalon_Saucedemo\\Reports\\20240222_112622\\Suites - Product\\20240222_112622\\1708576228404.png]]

2024-02-22 11:30:29 - [MESSAGE][PASSED] - Call Test Case 'Test Cases/Login/1.1.1 - User login with standar_user' successfully

2024-02-22 11:30:29 - [TEST_STEP][PASSED] - click(findTestObject("Product/addtocart")): Object: 'Object Repository/Product/addtocart' is clicked on

2024-02-22 11:30:30 - [MESSAGE][PASSED] - Object: 'Object Repository/Product/addtocart' is clicked on

2024-02-22 11:30:30 - [TEST_STEP][PASSED] - click(findTestObject("Product/cart icon")): Object: 'Object Repository/Product/cart icon' is clicked on

2024-02-22 11:30:30 - [MESSAGE][PASSED] - Object: 'Object Repository/Product/cart icon' is clicked on

2024-02-22 11:30:30 - [TEST_STEP][PASSED] - click(findTestObject("Product/btn-checkout")): Object: 'Object Repository/Product/btn-checkout' is clicked on

2024-02-22 11:30:31 - [MESSAGE][PASSED] - Object: 'Object Repository/Product/btn-checkout' is clicked on

2024-02-22 11:30:31 - [TEST_STEP][PASSED] - takeFullPageScreenshot(): Taking screenshot successfully

2024-02-22 11:30:32 - [MESSAGE][INFO] - 0 hidden object(s)

2024-02-22 11:30:32 - [MESSAGE][PASSED] - Taking screenshot successfully
[[ATTACHMENT|F:\\SABERCODE QA\\QA Sanber\\Katalon_Saucedemo\\Reports\\20240222_112622\\Suites - Product\\20240222_112622\\1708576231450.png]]

2024-02-22 11:30:32 - [TEST_STEP][PASSED] - setText(findTestObject("Product/firstname"), firstname): Text 'Muhammad' is set on object 'Object Repository/Product/firstname'

2024-02-22 11:30:33 - [MESSAGE][PASSED] - Text 'Muhammad' is set on object 'Object Repository/Product/firstname'

2024-02-22 11:30:33 - [TEST_STEP][PASSED] - setText(findTestObject("Product/lastname"), lastname): Text 'Azzam' is set on object 'Object Repository/Product/lastname'

2024-02-22 11:30:34 - [MESSAGE][PASSED] - Text 'Azzam' is set on object 'Object Repository/Product/lastname'

2024-02-22 11:30:34 - [TEST_STEP][PASSED] - setText(findTestObject("Product/postcal code"), ""): Text '' is set on object 'Object Repository/Product/postcal code'

2024-02-22 11:30:36 - [MESSAGE][PASSED] - Text '' is set on object 'Object Repository/Product/postcal code'

2024-02-22 11:30:36 - [TEST_STEP][PASSED] - takeFullPageScreenshot(): Taking screenshot successfully

2024-02-22 11:30:37 - [MESSAGE][INFO] - 0 hidden object(s)

2024-02-22 11:30:37 - [MESSAGE][PASSED] - Taking screenshot successfully
[[ATTACHMENT|F:\\SABERCODE QA\\QA Sanber\\Katalon_Saucedemo\\Reports\\20240222_112622\\Suites - Product\\20240222_112622\\1708576236645.png]]

2024-02-22 11:30:37 - [TEST_STEP][PASSED] - click(findTestObject("Product/btn-continue")): Object: 'Object Repository/Product/btn-continue' is clicked on

2024-02-22 11:30:37 - [MESSAGE][PASSED] - Object: 'Object Repository/Product/btn-continue' is clicked on

2024-02-22 11:30:37 - [TEST_STEP][PASSED] - takeFullPageScreenshot(): Taking screenshot successfully

2024-02-22 11:30:38 - [MESSAGE][INFO] - 0 hidden object(s)

2024-02-22 11:30:38 - [MESSAGE][PASSED] - Taking screenshot successfully
[[ATTACHMENT|F:\\SABERCODE QA\\QA Sanber\\Katalon_Saucedemo\\Reports\\20240222_112622\\Suites - Product\\20240222_112622\\1708576237764.png]]

2024-02-22 11:30:38 - [TEST_STEP][PASSED] - verifyElementText(findTestObject("Product/assertion/h3_Error Postal Code is required"), "Error: Postal Code is required"): Actual text and expected text of test object 'Object Repository/Product/assertion/h3_Error Postal Code is required' are matched.

2024-02-22 11:30:38 - [MESSAGE][PASSED] - Actual text and expected text of test object 'Object Repository/Product/assertion/h3_Error Postal Code is required' are matched.

2024-02-22 11:30:38 - [TEST_STEP][PASSED] - closeBrowser(): Browser is closed

2024-02-22 11:30:39 - [MESSAGE][PASSED] - Browser is closed]]></system-out>
         <system-err><![CDATA[]]></system-err>
      </testcase>
      <testcase name="Test Cases/Product/User information/4.2.5 User input all data null" time="22.688" classname="Test Cases/Product/User information/4.2.5 User input all data null" status="PASSED">
         <system-out><![CDATA[2024-02-22 11:30:39 - [TEST_CASE][PASSED] - Test Cases/Product/User information/4.2.5 User input all data null: Test Cases/Product/User information/4.2.5 User input all data null

2024-02-22 11:30:40 - [TEST_STEP][PASSED] - callTestCase(findTestCase("Login/1.1.1 - User login with standar_user"), [:], STOP_ON_FAILURE): Call Test Case 'Test Cases/Login/1.1.1 - User login with standar_user' successfully

2024-02-22 11:30:40 - [TEST_CASE][PASSED] - Test Cases/Login/1.1.1 - User login with standar_user: Test Cases/Login/1.1.1 - User login with standar_user

2024-02-22 11:30:40 - [TEST_STEP][PASSED] - openBrowser(""): Browser is opened with url: ''

2024-02-22 11:30:40 - [MESSAGE][INFO] - Starting 'Edge Chromium' driver

2024-02-22 11:30:42 - [MESSAGE][INFO] - Action delay is set to 0 milliseconds

2024-02-22 11:30:43 - [MESSAGE][PASSED] - Browser is opened with url: ''

2024-02-22 11:30:43 - [TEST_STEP][PASSED] - navigateToUrl(baseUrl): Navigate to 'https://www.saucedemo.com/' successfully

2024-02-22 11:30:46 - [MESSAGE][PASSED] - Navigate to 'https://www.saucedemo.com/' successfully

2024-02-22 11:30:46 - [TEST_STEP][PASSED] - takeFullPageScreenshot(): Taking screenshot successfully

2024-02-22 11:30:46 - [MESSAGE][INFO] - 0 hidden object(s)

2024-02-22 11:30:46 - [MESSAGE][PASSED] - Taking screenshot successfully
[[ATTACHMENT|F:\\SABERCODE QA\\QA Sanber\\Katalon_Saucedemo\\Reports\\20240222_112622\\Suites - Product\\20240222_112622\\1708576246111.png]]

2024-02-22 11:30:46 - [TEST_STEP][PASSED] - setText(findTestObject("Login/field_username"), standard_user): Text 'standard_user' is set on object 'Object Repository/Login/field_username'

2024-02-22 11:30:48 - [MESSAGE][PASSED] - Text 'standard_user' is set on object 'Object Repository/Login/field_username'

2024-02-22 11:30:48 - [TEST_STEP][PASSED] - setText(findTestObject("Login/field_password"), password): Text 'secret_sauce' is set on object 'Object Repository/Login/field_password'

2024-02-22 11:30:49 - [MESSAGE][PASSED] - Text 'secret_sauce' is set on object 'Object Repository/Login/field_password'

2024-02-22 11:30:49 - [TEST_STEP][PASSED] - takeFullPageScreenshot(): Taking screenshot successfully

2024-02-22 11:30:50 - [MESSAGE][INFO] - 0 hidden object(s)

2024-02-22 11:30:50 - [MESSAGE][PASSED] - Taking screenshot successfully
[[ATTACHMENT|F:\\SABERCODE QA\\QA Sanber\\Katalon_Saucedemo\\Reports\\20240222_112622\\Suites - Product\\20240222_112622\\1708576249672.png]]

2024-02-22 11:30:50 - [TEST_STEP][PASSED] - click(findTestObject("Login/button_login")): Object: 'Object Repository/Login/button_login' is clicked on

2024-02-22 11:30:50 - [MESSAGE][PASSED] - Object: 'Object Repository/Login/button_login' is clicked on

2024-02-22 11:30:50 - [TEST_STEP][PASSED] - verifyTextPresent("Swag Labs", false): Text 'Swag Labs' is present on page 

2024-02-22 11:30:51 - [MESSAGE][PASSED] - Text 'Swag Labs' is present on page 

2024-02-22 11:30:51 - [TEST_STEP][PASSED] - takeFullPageScreenshot(): Taking screenshot successfully

2024-02-22 11:30:52 - [MESSAGE][INFO] - 0 hidden object(s)

2024-02-22 11:30:52 - [MESSAGE][PASSED] - Taking screenshot successfully
[[ATTACHMENT|F:\\SABERCODE QA\\QA Sanber\\Katalon_Saucedemo\\Reports\\20240222_112622\\Suites - Product\\20240222_112622\\1708576251499.png]]

2024-02-22 11:30:52 - [MESSAGE][PASSED] - Call Test Case 'Test Cases/Login/1.1.1 - User login with standar_user' successfully

2024-02-22 11:30:52 - [TEST_STEP][PASSED] - click(findTestObject("Product/addtocart")): Object: 'Object Repository/Product/addtocart' is clicked on

2024-02-22 11:30:53 - [MESSAGE][PASSED] - Object: 'Object Repository/Product/addtocart' is clicked on

2024-02-22 11:30:53 - [TEST_STEP][PASSED] - click(findTestObject("Product/cart icon")): Object: 'Object Repository/Product/cart icon' is clicked on

2024-02-22 11:30:53 - [MESSAGE][PASSED] - Object: 'Object Repository/Product/cart icon' is clicked on

2024-02-22 11:30:53 - [TEST_STEP][PASSED] - click(findTestObject("Product/btn-checkout")): Object: 'Object Repository/Product/btn-checkout' is clicked on

2024-02-22 11:30:54 - [MESSAGE][PASSED] - Object: 'Object Repository/Product/btn-checkout' is clicked on

2024-02-22 11:30:54 - [TEST_STEP][PASSED] - takeFullPageScreenshot(): Taking screenshot successfully

2024-02-22 11:30:54 - [MESSAGE][INFO] - 0 hidden object(s)

2024-02-22 11:30:55 - [MESSAGE][PASSED] - Taking screenshot successfully
[[ATTACHMENT|F:\\SABERCODE QA\\QA Sanber\\Katalon_Saucedemo\\Reports\\20240222_112622\\Suites - Product\\20240222_112622\\1708576254410.png]]

2024-02-22 11:30:55 - [TEST_STEP][PASSED] - setText(findTestObject("Product/firstname"), ""): Text '' is set on object 'Object Repository/Product/firstname'

2024-02-22 11:30:55 - [MESSAGE][PASSED] - Text '' is set on object 'Object Repository/Product/firstname'

2024-02-22 11:30:55 - [TEST_STEP][PASSED] - setText(findTestObject("Product/lastname"), ""): Text '' is set on object 'Object Repository/Product/lastname'

2024-02-22 11:30:56 - [MESSAGE][PASSED] - Text '' is set on object 'Object Repository/Product/lastname'

2024-02-22 11:30:56 - [TEST_STEP][PASSED] - setText(findTestObject("Product/postcal code"), ""): Text '' is set on object 'Object Repository/Product/postcal code'

2024-02-22 11:30:59 - [MESSAGE][PASSED] - Text '' is set on object 'Object Repository/Product/postcal code'

2024-02-22 11:30:59 - [TEST_STEP][PASSED] - takeFullPageScreenshot(): Taking screenshot successfully

2024-02-22 11:30:59 - [MESSAGE][INFO] - 0 hidden object(s)

2024-02-22 11:31:00 - [MESSAGE][PASSED] - Taking screenshot successfully
[[ATTACHMENT|F:\\SABERCODE QA\\QA Sanber\\Katalon_Saucedemo\\Reports\\20240222_112622\\Suites - Product\\20240222_112622\\1708576259359.png]]

2024-02-22 11:31:00 - [TEST_STEP][PASSED] - click(findTestObject("Product/btn-continue")): Object: 'Object Repository/Product/btn-continue' is clicked on

2024-02-22 11:31:00 - [MESSAGE][PASSED] - Object: 'Object Repository/Product/btn-continue' is clicked on

2024-02-22 11:31:00 - [TEST_STEP][PASSED] - takeFullPageScreenshot(): Taking screenshot successfully

2024-02-22 11:31:01 - [MESSAGE][INFO] - 0 hidden object(s)

2024-02-22 11:31:01 - [MESSAGE][PASSED] - Taking screenshot successfully
[[ATTACHMENT|F:\\SABERCODE QA\\QA Sanber\\Katalon_Saucedemo\\Reports\\20240222_112622\\Suites - Product\\20240222_112622\\1708576260506.png]]

2024-02-22 11:31:01 - [TEST_STEP][PASSED] - verifyElementText(findTestObject("Product/assertion/h3_Error First Name is required"), "Error: First Name is required"): Actual text and expected text of test object 'Object Repository/Product/assertion/h3_Error First Name is required' are matched.

2024-02-22 11:31:01 - [MESSAGE][PASSED] - Actual text and expected text of test object 'Object Repository/Product/assertion/h3_Error First Name is required' are matched.

2024-02-22 11:31:01 - [TEST_STEP][PASSED] - closeBrowser(): Browser is closed

2024-02-22 11:31:02 - [MESSAGE][PASSED] - Browser is closed]]></system-out>
         <system-err><![CDATA[]]></system-err>
      </testcase>
      <testcase name="Test Cases/Product/User Checkout/4.3.1 User checkout product" time="25.823" classname="Test Cases/Product/User Checkout/4.3.1 User checkout product" status="PASSED">
         <system-out><![CDATA[2024-02-22 11:31:02 - [TEST_CASE][PASSED] - Test Cases/Product/User Checkout/4.3.1 User checkout product: Test Cases/Product/User Checkout/4.3.1 User checkout product

2024-02-22 11:31:02 - [TEST_STEP][PASSED] - callTestCase(findTestCase("Login/1.1.1 - User login with standar_user"), [:], STOP_ON_FAILURE): Call Test Case 'Test Cases/Login/1.1.1 - User login with standar_user' successfully

2024-02-22 11:31:03 - [TEST_CASE][PASSED] - Test Cases/Login/1.1.1 - User login with standar_user: Test Cases/Login/1.1.1 - User login with standar_user

2024-02-22 11:31:03 - [TEST_STEP][PASSED] - openBrowser(""): Browser is opened with url: ''

2024-02-22 11:31:03 - [MESSAGE][INFO] - Starting 'Edge Chromium' driver

2024-02-22 11:31:05 - [MESSAGE][INFO] - Action delay is set to 0 milliseconds

2024-02-22 11:31:06 - [MESSAGE][PASSED] - Browser is opened with url: ''

2024-02-22 11:31:06 - [TEST_STEP][PASSED] - navigateToUrl(baseUrl): Navigate to 'https://www.saucedemo.com/' successfully

2024-02-22 11:31:08 - [MESSAGE][PASSED] - Navigate to 'https://www.saucedemo.com/' successfully

2024-02-22 11:31:08 - [TEST_STEP][PASSED] - takeFullPageScreenshot(): Taking screenshot successfully

2024-02-22 11:31:08 - [MESSAGE][INFO] - 0 hidden object(s)

2024-02-22 11:31:09 - [MESSAGE][PASSED] - Taking screenshot successfully
[[ATTACHMENT|F:\\SABERCODE QA\\QA Sanber\\Katalon_Saucedemo\\Reports\\20240222_112622\\Suites - Product\\20240222_112622\\1708576268457.png]]

2024-02-22 11:31:09 - [TEST_STEP][PASSED] - setText(findTestObject("Login/field_username"), standard_user): Text 'standard_user' is set on object 'Object Repository/Login/field_username'

2024-02-22 11:31:11 - [MESSAGE][PASSED] - Text 'standard_user' is set on object 'Object Repository/Login/field_username'

2024-02-22 11:31:11 - [TEST_STEP][PASSED] - setText(findTestObject("Login/field_password"), password): Text 'secret_sauce' is set on object 'Object Repository/Login/field_password'

2024-02-22 11:31:11 - [MESSAGE][PASSED] - Text 'secret_sauce' is set on object 'Object Repository/Login/field_password'

2024-02-22 11:31:11 - [TEST_STEP][PASSED] - takeFullPageScreenshot(): Taking screenshot successfully

2024-02-22 11:31:12 - [MESSAGE][INFO] - 0 hidden object(s)

2024-02-22 11:31:12 - [MESSAGE][PASSED] - Taking screenshot successfully
[[ATTACHMENT|F:\\SABERCODE QA\\QA Sanber\\Katalon_Saucedemo\\Reports\\20240222_112622\\Suites - Product\\20240222_112622\\1708576271995.png]]

2024-02-22 11:31:12 - [TEST_STEP][PASSED] - click(findTestObject("Login/button_login")): Object: 'Object Repository/Login/button_login' is clicked on

2024-02-22 11:31:13 - [MESSAGE][PASSED] - Object: 'Object Repository/Login/button_login' is clicked on

2024-02-22 11:31:13 - [TEST_STEP][PASSED] - verifyTextPresent("Swag Labs", false): Text 'Swag Labs' is present on page 

2024-02-22 11:31:13 - [MESSAGE][PASSED] - Text 'Swag Labs' is present on page 

2024-02-22 11:31:13 - [TEST_STEP][PASSED] - takeFullPageScreenshot(): Taking screenshot successfully

2024-02-22 11:31:14 - [MESSAGE][INFO] - 0 hidden object(s)

2024-02-22 11:31:15 - [MESSAGE][PASSED] - Taking screenshot successfully
[[ATTACHMENT|F:\\SABERCODE QA\\QA Sanber\\Katalon_Saucedemo\\Reports\\20240222_112622\\Suites - Product\\20240222_112622\\1708576273837.png]]

2024-02-22 11:31:15 - [MESSAGE][PASSED] - Call Test Case 'Test Cases/Login/1.1.1 - User login with standar_user' successfully

2024-02-22 11:31:15 - [TEST_STEP][PASSED] - click(findTestObject("Product/addtocart")): Object: 'Object Repository/Product/addtocart' is clicked on

2024-02-22 11:31:15 - [MESSAGE][PASSED] - Object: 'Object Repository/Product/addtocart' is clicked on

2024-02-22 11:31:15 - [TEST_STEP][PASSED] - click(findTestObject("Product/cart icon")): Object: 'Object Repository/Product/cart icon' is clicked on

2024-02-22 11:31:16 - [MESSAGE][PASSED] - Object: 'Object Repository/Product/cart icon' is clicked on

2024-02-22 11:31:16 - [TEST_STEP][PASSED] - click(findTestObject("Product/btn-checkout")): Object: 'Object Repository/Product/btn-checkout' is clicked on

2024-02-22 11:31:16 - [MESSAGE][PASSED] - Object: 'Object Repository/Product/btn-checkout' is clicked on

2024-02-22 11:31:16 - [TEST_STEP][PASSED] - takeFullPageScreenshot(): Taking screenshot successfully

2024-02-22 11:31:17 - [MESSAGE][INFO] - 0 hidden object(s)

2024-02-22 11:31:17 - [MESSAGE][PASSED] - Taking screenshot successfully
[[ATTACHMENT|F:\\SABERCODE QA\\QA Sanber\\Katalon_Saucedemo\\Reports\\20240222_112622\\Suites - Product\\20240222_112622\\1708576276861.png]]

2024-02-22 11:31:17 - [TEST_STEP][PASSED] - verifyElementText(findTestObject("Product/assertion/span_Checkout Your Information"), "Checkout: Your Information"): Actual text and expected text of test object 'Object Repository/Product/assertion/span_Checkout Your Information' are matched.

2024-02-22 11:31:17 - [MESSAGE][PASSED] - Actual text and expected text of test object 'Object Repository/Product/assertion/span_Checkout Your Information' are matched.

2024-02-22 11:31:17 - [TEST_STEP][PASSED] - setText(findTestObject("Product/firstname"), firstname): Text 'Muhammad' is set on object 'Object Repository/Product/firstname'

2024-02-22 11:31:18 - [MESSAGE][PASSED] - Text 'Muhammad' is set on object 'Object Repository/Product/firstname'

2024-02-22 11:31:18 - [TEST_STEP][PASSED] - setText(findTestObject("Product/lastname"), lastname): Text 'Azzam' is set on object 'Object Repository/Product/lastname'

2024-02-22 11:31:21 - [MESSAGE][PASSED] - Text 'Azzam' is set on object 'Object Repository/Product/lastname'

2024-02-22 11:31:21 - [TEST_STEP][PASSED] - setText(findTestObject("Product/postcal code"), PostcalCode): Text '12345' is set on object 'Object Repository/Product/postcal code'

2024-02-22 11:31:22 - [MESSAGE][PASSED] - Text '12345' is set on object 'Object Repository/Product/postcal code'

2024-02-22 11:31:22 - [TEST_STEP][PASSED] - takeFullPageScreenshot(): Taking screenshot successfully

2024-02-22 11:31:23 - [MESSAGE][INFO] - 0 hidden object(s)

2024-02-22 11:31:23 - [MESSAGE][PASSED] - Taking screenshot successfully
[[ATTACHMENT|F:\\SABERCODE QA\\QA Sanber\\Katalon_Saucedemo\\Reports\\20240222_112622\\Suites - Product\\20240222_112622\\1708576282569.png]]

2024-02-22 11:31:23 - [TEST_STEP][PASSED] - click(findTestObject("Product/btn-continue")): Object: 'Object Repository/Product/btn-continue' is clicked on

2024-02-22 11:31:23 - [MESSAGE][PASSED] - Object: 'Object Repository/Product/btn-continue' is clicked on

2024-02-22 11:31:23 - [TEST_STEP][PASSED] - verifyElementText(findTestObject("Product/assertion/span_Checkout Overview"), "Checkout: Overview"): Actual text and expected text of test object 'Object Repository/Product/assertion/span_Checkout Overview' are matched.

2024-02-22 11:31:24 - [MESSAGE][PASSED] - Actual text and expected text of test object 'Object Repository/Product/assertion/span_Checkout Overview' are matched.

2024-02-22 11:31:24 - [TEST_STEP][PASSED] - takeFullPageScreenshot(): Taking screenshot successfully

2024-02-22 11:31:24 - [MESSAGE][INFO] - 0 hidden object(s)

2024-02-22 11:31:25 - [MESSAGE][PASSED] - Taking screenshot successfully
[[ATTACHMENT|F:\\SABERCODE QA\\QA Sanber\\Katalon_Saucedemo\\Reports\\20240222_112622\\Suites - Product\\20240222_112622\\1708576284324.png]]

2024-02-22 11:31:25 - [TEST_STEP][PASSED] - click(findTestObject("Product/assertion/button_Finish")): Object: 'Object Repository/Product/assertion/button_Finish' is clicked on

2024-02-22 11:31:25 - [MESSAGE][PASSED] - Object: 'Object Repository/Product/assertion/button_Finish' is clicked on

2024-02-22 11:31:25 - [TEST_STEP][PASSED] - takeFullPageScreenshot(): Taking screenshot successfully

2024-02-22 11:31:26 - [MESSAGE][INFO] - 0 hidden object(s)

2024-02-22 11:31:26 - [MESSAGE][PASSED] - Taking screenshot successfully
[[ATTACHMENT|F:\\SABERCODE QA\\QA Sanber\\Katalon_Saucedemo\\Reports\\20240222_112622\\Suites - Product\\20240222_112622\\1708576285581.png]]

2024-02-22 11:31:26 - [TEST_STEP][PASSED] - verifyElementText(findTestObject("Product/assertion/h2_Thank you for your order"), "Thank you for your order!"): Actual text and expected text of test object 'Object Repository/Product/assertion/h2_Thank you for your order' are matched.

2024-02-22 11:31:26 - [MESSAGE][PASSED] - Actual text and expected text of test object 'Object Repository/Product/assertion/h2_Thank you for your order' are matched.

2024-02-22 11:31:26 - [TEST_STEP][PASSED] - takeFullPageScreenshot(): Taking screenshot successfully

2024-02-22 11:31:27 - [MESSAGE][INFO] - 0 hidden object(s)

2024-02-22 11:31:27 - [MESSAGE][PASSED] - Taking screenshot successfully
[[ATTACHMENT|F:\\SABERCODE QA\\QA Sanber\\Katalon_Saucedemo\\Reports\\20240222_112622\\Suites - Product\\20240222_112622\\1708576286657.png]]

2024-02-22 11:31:27 - [TEST_STEP][PASSED] - closeBrowser(): Browser is closed

2024-02-22 11:31:28 - [MESSAGE][PASSED] - Browser is closed]]></system-out>
         <system-err><![CDATA[]]></system-err>
      </testcase>
      <system-out><![CDATA[2024-02-22 11:26:26 - [TEST_SUITE][PASSED] - Suites - Product: Test Cases/Product/User Checkout/4.3.1 User checkout product]]></system-out>
      <system-err><![CDATA[]]></system-err>
   </testsuite>
</testsuites>
